#
# There is insufficient memory for the Java Runtime Environment to continue.
# Native memory allocation (malloc) failed to allocate 2097152 bytes for AllocateHeap
# Possible reasons:
#   The system is out of physical RAM or swap space
#   The process is running with CompressedOops enabled, and the Java Heap may be blocking the growth of the native heap
# Possible solutions:
#   Reduce memory load on the system
#   Increase physical memory or swap space
#   Check if swap backing store is full
#   Decrease Java heap size (-Xmx/-Xms)
#   Decrease number of Java threads
#   Decrease Java thread stack sizes (-Xss)
#   Set larger code cache with -XX:ReservedCodeCacheSize=
#   JVM is running with Unscaled Compressed Oops mode in which the Java heap is
#     placed in the first 4GB address space. The Java Heap base address is the
#     maximum limit for the native heap growth. Please use -XX:HeapBaseMinAddress
#     to set the Java Heap base and to place the Java Heap above 4GB virtual address.
# This output file may be truncated or incomplete.
#
#  Out of Memory Error (t:/workspace/open/src/hotspot/share/memory/allocation.cpp:45), pid=37464, tid=43368
#
# JRE version: Java(TM) SE Runtime Environment (13.0.1+9) (build 13.0.1+9)
# Java VM: Java HotSpot(TM) 64-Bit Server VM (13.0.1+9, mixed mode, sharing, tiered, compressed oops, g1 gc, windows-amd64)
# No core dump will be written. Minidumps are not enabled by default on client versions of Windows
#

---------------  S U M M A R Y ------------

Command Line: -Dclassworlds.conf=C:\Program Files\NetBeans-11.2\netbeans\java\maven\bin\m2.conf -Dmaven.home=C:\Program Files\NetBeans-11.2\netbeans\java\maven -Dmaven.multiModuleProjectDirectory=C:\Users\kira\OneDrive\Dokumenty\NetBeansProjects\ChessGame_2021 org.codehaus.plexus.classworlds.launcher.Launcher -Dexec.args=-classpath %classpath cz.cvut.fel.pjv.view.Game -Dexec.executable=C:\Program Files\Java\jdk-13.0.1\bin\java.exe -Dmaven.ext.class.path=C:\Program Files\NetBeans-11.2\netbeans\java\maven-nblib\netbeans-eventspy.jar -Dfile.encoding=UTF-8 org.codehaus.mojo:exec-maven-plugin:1.5.0:exec

Host: Intel(R) Core(TM) i5-8250U CPU @ 1.60GHz, 8 cores, 3G,  Windows 10 , 64 bit Build 18362 (10.0.18362.1350)
Time: Tue Mar  2 22:04:19 2021  elapsed time: 2 seconds (0d 0h 0m 2s)

---------------  T H R E A D  ---------------

Current thread (0x000001a9e8abc000):  VMThread "VM Thread" [stack: 0x00000087d3300000,0x00000087d3400000] [id=43368]

Stack: [0x00000087d3300000,0x00000087d3400000]
[error occurred during error reporting (printing stack bounds), id 0xc0000005, EXCEPTION_ACCESS_VIOLATION (0xc0000005) at pc=0x000001a9800010ad]

Native frames: (J=compiled Java code, j=interpreted, Vv=VM code, C=native code)
V  [jvm.dll+0x626eca]
V  [jvm.dll+0x772c6a]
V  [jvm.dll+0x77441f]
V  [jvm.dll+0x774985]
V  [jvm.dll+0x77493b]
V  [jvm.dll+0x6266ff]
C  [ntdll.dll+0x790b6]
C  [ntdll.dll+0x6a926]
C  [ntdll.dll+0xa0b5e]
C  0x000001a9800010ad

VM_Operation (0x00000087d2dfdd50): G1CollectFull, mode: safepoint, requested by thread 0x000001a9e89f1000


---------------  P R O C E S S  ---------------

Threads class SMR info:
_java_thread_list=0x000001a9f99ea500, length=10, elements={
0x000001a9e89f1000, 0x000001a9f81d0000, 0x000001a9f81d5800, 0x000001a9f81f1000,
0x000001a9f81f2000, 0x000001a9f81f4000, 0x000001a9f81f5800, 0x000001a9f8221000,
0x000001a9f8cb4000, 0x000001a9f8cbe000
}

Java Threads: ( => current thread )
  0x000001a9e89f1000 JavaThread "main" [_thread_blocked, id=31936, stack(0x00000087d2d00000,0x00000087d2e00000)]
  0x000001a9f81d0000 JavaThread "Reference Handler" daemon [_thread_blocked, id=35212, stack(0x00000087d3400000,0x00000087d3500000)]
  0x000001a9f81d5800 JavaThread "Finalizer" daemon [_thread_blocked, id=31616, stack(0x00000087d3500000,0x00000087d3600000)]
  0x000001a9f81f1000 JavaThread "Signal Dispatcher" daemon [_thread_blocked, id=13972, stack(0x00000087d3600000,0x00000087d3700000)]
  0x000001a9f81f2000 JavaThread "Attach Listener" daemon [_thread_blocked, id=28148, stack(0x00000087d3700000,0x00000087d3800000)]
  0x000001a9f81f4000 JavaThread "C2 CompilerThread0" daemon [_thread_blocked, id=38852, stack(0x00000087d3800000,0x00000087d3900000)]
  0x000001a9f81f5800 JavaThread "C1 CompilerThread0" daemon [_thread_blocked, id=29308, stack(0x00000087d3900000,0x00000087d3a00000)]
  0x000001a9f8221000 JavaThread "Sweeper thread" daemon [_thread_blocked, id=22000, stack(0x00000087d3a00000,0x00000087d3b00000)]
  0x000001a9f8cb4000 JavaThread "Service Thread" daemon [_thread_blocked, id=29708, stack(0x00000087d3b00000,0x00000087d3c00000)]
  0x000001a9f8cbe000 JavaThread "Common-Cleaner" daemon [_thread_blocked, id=34404, stack(0x00000087d3d00000,0x00000087d3e00000)]

Other Threads:
=>0x000001a9e8abc000 VMThread "VM Thread" [stack: 0x00000087d3300000,0x00000087d3400000] [id=43368]
  0x000001a9f8cbd000 WatcherThread [stack: 0x00000087d3c00000,0x00000087d3d00000] [id=32760]
  0x000001a9e8a23800 GCTaskThread "GC Thread#0" [stack: 0x00000087d2e00000,0x00000087d2f00000] [id=41104]
  0x000001a9f9679000 GCTaskThread "GC Thread#1" [stack: 0x00000087d3e00000,0x00000087d3f00000] [id=42740]
  0x000001a9e8a2c800 ConcurrentGCThread "G1 Main Marker" [stack: 0x00000087d2f00000,0x00000087d3000000] [id=36136]
  0x000001a9e8a2e000 ConcurrentGCThread "G1 Conc#0" [stack: 0x00000087d3000000,0x00000087d3100000] [id=44248]
  0x000001a9e8a96000 ConcurrentGCThread "G1 Refine#0" [stack: 0x00000087d3100000,0x00000087d3200000] [id=22696]
  0x000001a9e8a98000 ConcurrentGCThread "G1 Young RemSet Sampling" [stack: 0x00000087d3200000,0x00000087d3300000] [id=38528]

Threads with active compile tasks:
C2 CompilerThread0     2827 2820  s    4       java.lang.StringBuffer::append (13 bytes)
C1 CompilerThread0     2827 2822       3       org.netbeans.modules.maven.event.NbEventSpy::onEvent (1102 bytes)

VM state:at safepoint (normal execution)

VM Mutex/Monitor currently owned by a thread:  ([mutex/lock_event])
[0x000001a9e89ed590] Threads_lock - owner thread: 0x000001a9e8abc000
[0x000001a9e89ed2c0] Heap_lock - owner thread: 0x000001a9e89f1000

Heap address: 0x00000000c1c00000, size: 996 MB, Compressed Oops mode: 32-bit
Narrow klass base: 0x0000000800000000, Narrow klass shift: 3
Compressed class space size: 1073741824 Address: 0x0000000800b40000

Heap:
 garbage-first heap   total 65536K, used 7309K [0x00000000c1c00000, 0x0000000100000000)
  region size 1024K, 5 young (5120K), 4 survivors (4096K)
 Metaspace       used 13471K, capacity 15015K, committed 15232K, reserved 1062912K
  class space    used 1586K, capacity 1803K, committed 1920K, reserved 1048576K
Heap Regions: E=young(eden), S=young(survivor), O=old, HS=humongous(starts), HC=humongous(continues), CS=collection set, F=free, A=archive, TAMS=top-at-mark-start (previous, next)
|   0|0x00000000c1c00000, 0x00000000c1d00000, 0x00000000c1d00000|100%| O|  |TAMS 0x00000000c1c00000, 0x00000000c1c00000| Untracked 
|   1|0x00000000c1d00000, 0x00000000c1e00000, 0x00000000c1e00000|100%| O|  |TAMS 0x00000000c1d00000, 0x00000000c1d00000| Untracked 
|   2|0x00000000c1e00000, 0x00000000c1f00000, 0x00000000c1f00000|100%| O|  |TAMS 0x00000000c1e00000, 0x00000000c1e00000| Untracked 
|   3|0x00000000c1f00000, 0x00000000c1f23600, 0x00000000c2000000| 13%| O|  |TAMS 0x00000000c1f00000, 0x00000000c1f00000| Untracked 
|   4|0x00000000c2000000, 0x00000000c2000000, 0x00000000c2100000|  0%| F|  |TAMS 0x00000000c2000000, 0x00000000c2000000| Untracked 
|   5|0x00000000c2100000, 0x00000000c2100000, 0x00000000c2200000|  0%| F|  |TAMS 0x00000000c2100000, 0x00000000c2100000| Untracked 
|   6|0x00000000c2200000, 0x00000000c2200000, 0x00000000c2300000|  0%| F|  |TAMS 0x00000000c2200000, 0x00000000c2200000| Untracked 
|   7|0x00000000c2300000, 0x00000000c2300000, 0x00000000c2400000|  0%| F|  |TAMS 0x00000000c2300000, 0x00000000c2300000| Untracked 
|   8|0x00000000c2400000, 0x00000000c2400000, 0x00000000c2500000|  0%| F|  |TAMS 0x00000000c2400000, 0x00000000c2400000| Untracked 
|   9|0x00000000c2500000, 0x00000000c2500000, 0x00000000c2600000|  0%| F|  |TAMS 0x00000000c2500000, 0x00000000c2500000| Untracked 
|  10|0x00000000c2600000, 0x00000000c2600000, 0x00000000c2700000|  0%| F|  |TAMS 0x00000000c2600000, 0x00000000c2600000| Untracked 
|  11|0x00000000c2700000, 0x00000000c2700000, 0x00000000c2800000|  0%| F|  |TAMS 0x00000000c2700000, 0x00000000c2700000| Untracked 
|  12|0x00000000c2800000, 0x00000000c2800000, 0x00000000c2900000|  0%| F|  |TAMS 0x00000000c2800000, 0x00000000c2800000| Untracked 
|  13|0x00000000c2900000, 0x00000000c2900000, 0x00000000c2a00000|  0%| F|  |TAMS 0x00000000c2900000, 0x00000000c2900000| Untracked 
|  14|0x00000000c2a00000, 0x00000000c2a00000, 0x00000000c2b00000|  0%| F|  |TAMS 0x00000000c2a00000, 0x00000000c2a00000| Untracked 
|  15|0x00000000c2b00000, 0x00000000c2b00000, 0x00000000c2c00000|  0%| F|  |TAMS 0x00000000c2b00000, 0x00000000c2b00000| Untracked 
|  16|0x00000000c2c00000, 0x00000000c2c00000, 0x00000000c2d00000|  0%| F|  |TAMS 0x00000000c2c00000, 0x00000000c2c00000| Untracked 
|  17|0x00000000c2d00000, 0x00000000c2d00000, 0x00000000c2e00000|  0%| F|  |TAMS 0x00000000c2d00000, 0x00000000c2d00000| Untracked 
|  18|0x00000000c2e00000, 0x00000000c2e00000, 0x00000000c2f00000|  0%| F|  |TAMS 0x00000000c2e00000, 0x00000000c2e00000| Untracked 
|  19|0x00000000c2f00000, 0x00000000c2f00000, 0x00000000c3000000|  0%| F|  |TAMS 0x00000000c2f00000, 0x00000000c2f00000| Untracked 
|  20|0x00000000c3000000, 0x00000000c3000000, 0x00000000c3100000|  0%| F|  |TAMS 0x00000000c3000000, 0x00000000c3000000| Untracked 
|  21|0x00000000c3100000, 0x00000000c3100000, 0x00000000c3200000|  0%| F|  |TAMS 0x00000000c3100000, 0x00000000c3100000| Untracked 
|  22|0x00000000c3200000, 0x00000000c3300000, 0x00000000c3300000|100%| S|CS|TAMS 0x00000000c3200000, 0x00000000c3200000| Complete 
|  23|0x00000000c3300000, 0x00000000c3300000, 0x00000000c3400000|  0%| F|  |TAMS 0x00000000c3300000, 0x00000000c3300000| Untracked 
|  24|0x00000000c3400000, 0x00000000c3400000, 0x00000000c3500000|  0%| F|  |TAMS 0x00000000c3400000, 0x00000000c3400000| Untracked 
|  25|0x00000000c3500000, 0x00000000c3500000, 0x00000000c3600000|  0%| F|  |TAMS 0x00000000c3500000, 0x00000000c3500000| Untracked 
|  26|0x00000000c3600000, 0x00000000c3700000, 0x00000000c3700000|100%| S|CS|TAMS 0x00000000c3600000, 0x00000000c3600000| Complete 
|  27|0x00000000c3700000, 0x00000000c3800000, 0x00000000c3800000|100%| S|CS|TAMS 0x00000000c3700000, 0x00000000c3700000| Complete 
|  28|0x00000000c3800000, 0x00000000c3900000, 0x00000000c3900000|100%| S|CS|TAMS 0x00000000c3800000, 0x00000000c3800000| Complete 
|  29|0x00000000c3900000, 0x00000000c3900000, 0x00000000c3a00000|  0%| F|  |TAMS 0x00000000c3900000, 0x00000000c3900000| Untracked 
|  30|0x00000000c3a00000, 0x00000000c3a00000, 0x00000000c3b00000|  0%| F|  |TAMS 0x00000000c3a00000, 0x00000000c3a00000| Untracked 
|  31|0x00000000c3b00000, 0x00000000c3b00000, 0x00000000c3c00000|  0%| F|  |TAMS 0x00000000c3b00000, 0x00000000c3b00000| Untracked 
|  32|0x00000000c3c00000, 0x00000000c3c00000, 0x00000000c3d00000|  0%| F|  |TAMS 0x00000000c3c00000, 0x00000000c3c00000| Untracked 
|  33|0x00000000c3d00000, 0x00000000c3d00000, 0x00000000c3e00000|  0%| F|  |TAMS 0x00000000c3d00000, 0x00000000c3d00000| Untracked 
|  34|0x00000000c3e00000, 0x00000000c3e00000, 0x00000000c3f00000|  0%| F|  |TAMS 0x00000000c3e00000, 0x00000000c3e00000| Untracked 
|  35|0x00000000c3f00000, 0x00000000c3f00000, 0x00000000c4000000|  0%| F|  |TAMS 0x00000000c3f00000, 0x00000000c3f00000| Untracked 
|  36|0x00000000c4000000, 0x00000000c4000000, 0x00000000c4100000|  0%| F|  |TAMS 0x00000000c4000000, 0x00000000c4000000| Untracked 
|  37|0x00000000c4100000, 0x00000000c4100000, 0x00000000c4200000|  0%| F|  |TAMS 0x00000000c4100000, 0x00000000c4100000| Untracked 
|  38|0x00000000c4200000, 0x00000000c4200000, 0x00000000c4300000|  0%| F|  |TAMS 0x00000000c4200000, 0x00000000c4200000| Untracked 
|  39|0x00000000c4300000, 0x00000000c4300000, 0x00000000c4400000|  0%| F|  |TAMS 0x00000000c4300000, 0x00000000c4300000| Untracked 
|  40|0x00000000c4400000, 0x00000000c4400000, 0x00000000c4500000|  0%| F|  |TAMS 0x00000000c4400000, 0x00000000c4400000| Untracked 
|  41|0x00000000c4500000, 0x00000000c4500000, 0x00000000c4600000|  0%| F|  |TAMS 0x00000000c4500000, 0x00000000c4500000| Untracked 
|  42|0x00000000c4600000, 0x00000000c4600000, 0x00000000c4700000|  0%| F|  |TAMS 0x00000000c4600000, 0x00000000c4600000| Untracked 
|  43|0x00000000c4700000, 0x00000000c4700000, 0x00000000c4800000|  0%| F|  |TAMS 0x00000000c4700000, 0x00000000c4700000| Untracked 
|  44|0x00000000c4800000, 0x00000000c4800000, 0x00000000c4900000|  0%| F|  |TAMS 0x00000000c4800000, 0x00000000c4800000| Untracked 
|  45|0x00000000c4900000, 0x00000000c4900000, 0x00000000c4a00000|  0%| F|  |TAMS 0x00000000c4900000, 0x00000000c4900000| Untracked 
|  46|0x00000000c4a00000, 0x00000000c4a00000, 0x00000000c4b00000|  0%| F|  |TAMS 0x00000000c4a00000, 0x00000000c4a00000| Untracked 
|  47|0x00000000c4b00000, 0x00000000c4b00000, 0x00000000c4c00000|  0%| F|  |TAMS 0x00000000c4b00000, 0x00000000c4b00000| Untracked 
|  48|0x00000000c4c00000, 0x00000000c4c00000, 0x00000000c4d00000|  0%| F|  |TAMS 0x00000000c4c00000, 0x00000000c4c00000| Untracked 
|  49|0x00000000c4d00000, 0x00000000c4d00000, 0x00000000c4e00000|  0%| F|  |TAMS 0x00000000c4d00000, 0x00000000c4d00000| Untracked 
|  50|0x00000000c4e00000, 0x00000000c4e00000, 0x00000000c4f00000|  0%| F|  |TAMS 0x00000000c4e00000, 0x00000000c4e00000| Untracked 
|  51|0x00000000c4f00000, 0x00000000c4f00000, 0x00000000c5000000|  0%| F|  |TAMS 0x00000000c4f00000, 0x00000000c4f00000| Untracked 
|  52|0x00000000c5000000, 0x00000000c5000000, 0x00000000c5100000|  0%| F|  |TAMS 0x00000000c5000000, 0x00000000c5000000| Untracked 
|  53|0x00000000c5100000, 0x00000000c5100000, 0x00000000c5200000|  0%| F|  |TAMS 0x00000000c5100000, 0x00000000c5100000| Untracked 
|  54|0x00000000c5200000, 0x00000000c5200000, 0x00000000c5300000|  0%| F|  |TAMS 0x00000000c5200000, 0x00000000c5200000| Untracked 
|  55|0x00000000c5300000, 0x00000000c5300000, 0x00000000c5400000|  0%| F|  |TAMS 0x00000000c5300000, 0x00000000c5300000| Untracked 
|  56|0x00000000c5400000, 0x00000000c5400000, 0x00000000c5500000|  0%| F|  |TAMS 0x00000000c5400000, 0x00000000c5400000| Untracked 
|  57|0x00000000c5500000, 0x00000000c5500000, 0x00000000c5600000|  0%| F|  |TAMS 0x00000000c5500000, 0x00000000c5500000| Untracked 
|  58|0x00000000c5600000, 0x00000000c5600000, 0x00000000c5700000|  0%| F|  |TAMS 0x00000000c5600000, 0x00000000c5600000| Untracked 
|  59|0x00000000c5700000, 0x00000000c5700000, 0x00000000c5800000|  0%| F|  |TAMS 0x00000000c5700000, 0x00000000c5700000| Untracked 
|  60|0x00000000c5800000, 0x00000000c5800000, 0x00000000c5900000|  0%| F|  |TAMS 0x00000000c5800000, 0x00000000c5800000| Untracked 
|  61|0x00000000c5900000, 0x00000000c5900000, 0x00000000c5a00000|  0%| F|  |TAMS 0x00000000c5900000, 0x00000000c5900000| Untracked 
|  62|0x00000000c5a00000, 0x00000000c5a00000, 0x00000000c5b00000|  0%| F|  |TAMS 0x00000000c5a00000, 0x00000000c5a00000| Untracked 
|  63|0x00000000c5b00000, 0x00000000c5c00000, 0x00000000c5c00000|100%| E|  |TAMS 0x00000000c5b00000, 0x00000000c5b00000| Complete 

Card table byte_map: [0x000001a9f3480000,0x000001a9f3680000] _byte_map_base: 0x000001a9f2e72000

Marking Bits (Prev, Next): (CMBitMap*) 0x000001a9e8a24298, (CMBitMap*) 0x000001a9e8a242d8
 Prev Bits: [0x000001a9f3880000, 0x000001a9f4810000)
 Next Bits: [0x000001a9f4810000, 0x000001a9f57a0000)

Polling page: 0x000001a9e8760000

Metaspace:

Usage:
  Non-class:     12.90 MB capacity,    11.61 MB ( 90%) used,     1.28 MB ( 10%) free+waste,    17.06 KB ( <1%) overhead. 
      Class:      1.76 MB capacity,     1.55 MB ( 88%) used,   208.80 KB ( 12%) free+waste,     8.06 KB ( <1%) overhead. 
       Both:     14.66 MB capacity,    13.16 MB ( 90%) used,     1.48 MB ( 10%) free+waste,    25.13 KB ( <1%) overhead. 

Virtual space:
  Non-class space:       14.00 MB reserved,      13.00 MB ( 93%) committed 
      Class space:        1.00 GB reserved,       1.88 MB ( <1%) committed 
             Both:        1.01 GB reserved,      14.88 MB (  1%) committed 

Chunk freelists:
   Non-Class:  36.00 KB
       Class:  21.00 KB
        Both:  57.00 KB

MaxMetaspaceSize: 17179869184.00 GB
CompressedClassSpaceSize: 1.00 GB

CodeHeap 'non-profiled nmethods': size=120000Kb used=1163Kb max_used=1163Kb free=118836Kb
 bounds [0x000001a987ad0000, 0x000001a987d40000, 0x000001a98f000000]
CodeHeap 'profiled nmethods': size=120000Kb used=6156Kb max_used=6156Kb free=113843Kb
 bounds [0x000001a9805a0000, 0x000001a980bb0000, 0x000001a987ad0000]
CodeHeap 'non-nmethods': size=5760Kb used=1183Kb max_used=1207Kb free=4576Kb
 bounds [0x000001a980000000, 0x000001a980270000, 0x000001a9805a0000]
 total_blobs=4118 nmethods=2818 adapters=340
 compilation: enabled
              stopped_count=0, restarted_count=0
 full_count=0

Compilation events (20 events):
Event: 2.673 Thread 0x000001a9f81f5800 2810       3       java.lang.invoke.MemberName::isResolved (13 bytes)
Event: 2.673 Thread 0x000001a9f81f5800 nmethod 2810 0x000001a980ba0210 code [0x000001a980ba03c0, 0x000001a980ba0598]
Event: 2.674 Thread 0x000001a9f81f5800 2813       3       java.lang.invoke.MemberName::flagsMods (73 bytes)
Event: 2.674 Thread 0x000001a9f81f5800 nmethod 2813 0x000001a980ba0610 code [0x000001a980ba07c0, 0x000001a980ba0938]
Event: 2.674 Thread 0x000001a9f81f5800 2814       3       java.lang.invoke.MemberName::init (67 bytes)
Event: 2.675 Thread 0x000001a9f81f5800 nmethod 2814 0x000001a980ba0a10 code [0x000001a980ba0bc0, 0x000001a980ba0e78]
Event: 2.786 Thread 0x000001a9f81f4000 2815       4       sun.nio.cs.SingleByte$Encoder::encode (32 bytes)
Event: 2.787 Thread 0x000001a9f81f5800 2816       3       java.lang.Exception::<init> (7 bytes)
Event: 2.787 Thread 0x000001a9f81f4000 nmethod 2815 0x000001a987bf2990 code [0x000001a987bf2b20, 0x000001a987bf2c38]
Event: 2.787 Thread 0x000001a9f81f5800 nmethod 2816 0x000001a980ba0f10 code [0x000001a980ba10c0, 0x000001a980ba1270]
Event: 2.787 Thread 0x000001a9f81f5800 2817       3       org.codehaus.plexus.classworlds.realm.ClassRealm::loadClass (7 bytes)
Event: 2.787 Thread 0x000001a9f81f5800 nmethod 2817 0x000001a980ba1310 code [0x000001a980ba14e0, 0x000001a980ba1920]
Event: 2.787 Thread 0x000001a9f81f5800 2818   !   3       org.codehaus.plexus.classworlds.realm.ClassRealm::loadClass (33 bytes)
Event: 2.788 Thread 0x000001a9f81f5800 nmethod 2818 0x000001a980ba1a90 code [0x000001a980ba1c60, 0x000001a980ba1fa0]
Event: 2.788 Thread 0x000001a9f81f5800 2819   !   3       org.codehaus.plexus.classworlds.realm.ClassRealm::unsynchronizedLoadClass (19 bytes)
Event: 2.788 Thread 0x000001a9f81f5800 nmethod 2819 0x000001a980ba2110 code [0x000001a980ba22e0, 0x000001a980ba25a0]
Event: 2.789 Thread 0x000001a9f81f4000 2820  s    4       java.lang.StringBuffer::append (13 bytes)
Event: 2.789 Thread 0x000001a9f81f5800 2821   !   3       org.apache.maven.eventspy.internal.EventSpyDispatcher::onEvent (67 bytes)
Event: 2.790 Thread 0x000001a9f81f5800 nmethod 2821 0x000001a980ba2690 code [0x000001a980ba28c0, 0x000001a980ba3120]
Event: 2.790 Thread 0x000001a9f81f5800 2822       3       org.netbeans.modules.maven.event.NbEventSpy::onEvent (1102 bytes)

GC Heap History (6 events):
Event: 0.537 GC heap before
{Heap before GC invocations=0 (full 0):
 garbage-first heap   total 65536K, used 23552K [0x00000000c1c00000, 0x0000000100000000)
  region size 1024K, 24 young (24576K), 0 survivors (0K)
 Metaspace       used 4769K, capacity 7493K, committed 7552K, reserved 1056768K
  class space    used 598K, capacity 884K, committed 896K, reserved 1048576K
}
Event: 0.553 GC heap after
{Heap after GC invocations=1 (full 0):
 garbage-first heap   total 65536K, used 3475K [0x00000000c1c00000, 0x0000000100000000)
  region size 1024K, 3 young (3072K), 3 survivors (3072K)
 Metaspace       used 4769K, capacity 7493K, committed 7552K, reserved 1056768K
  class space    used 598K, capacity 884K, committed 896K, reserved 1048576K
}
Event: 1.490 GC heap before
{Heap before GC invocations=1 (full 0):
 garbage-first heap   total 65536K, used 39315K [0x00000000c1c00000, 0x0000000100000000)
  region size 1024K, 38 young (38912K), 3 survivors (3072K)
 Metaspace       used 10494K, capacity 12498K, committed 12672K, reserved 1060864K
  class space    used 1303K, capacity 1555K, committed 1664K, reserved 1048576K
}
Event: 1.502 GC heap after
{Heap after GC invocations=2 (full 0):
 garbage-first heap   total 65536K, used 5664K [0x00000000c1c00000, 0x0000000100000000)
  region size 1024K, 3 young (3072K), 3 survivors (3072K)
 Metaspace       used 10494K, capacity 12498K, committed 12672K, reserved 1060864K
  class space    used 1303K, capacity 1555K, committed 1664K, reserved 1048576K
}
Event: 2.614 GC heap before
{Heap before GC invocations=2 (full 0):
 garbage-first heap   total 65536K, used 41504K [0x00000000c1c00000, 0x0000000100000000)
  region size 1024K, 38 young (38912K), 3 survivors (3072K)
 Metaspace       used 13296K, capacity 14998K, committed 15232K, reserved 1062912K
  class space    used 1567K, capacity 1796K, committed 1920K, reserved 1048576K
}
Event: 2.625 GC heap after
{Heap after GC invocations=3 (full 0):
 garbage-first heap   total 65536K, used 7309K [0x00000000c1c00000, 0x0000000100000000)
  region size 1024K, 4 young (4096K), 4 survivors (4096K)
 Metaspace       used 13296K, capacity 14998K, committed 15232K, reserved 1062912K
  class space    used 1567K, capacity 1796K, committed 1920K, reserved 1048576K
}

Deoptimization events (20 events):
Event: 2.309 Thread 0x000001a9e89f1000 DEOPT PACKING pc=0x000001a980af95c6 sp=0x00000087d2dfc6d0
Event: 2.309 Thread 0x000001a9e89f1000 DEOPT UNPACKING pc=0x000001a98004964e sp=0x00000087d2dfbc80 mode 0
Event: 2.370 Thread 0x000001a9e89f1000 DEOPT PACKING pc=0x000001a980a6813e sp=0x00000087d2dfcbb0
Event: 2.370 Thread 0x000001a9e89f1000 DEOPT UNPACKING pc=0x000001a98004964e sp=0x00000087d2dfc108 mode 0
Event: 2.371 Thread 0x000001a9e89f1000 Uncommon trap: trap_request=0xffffff45 fr.pc=0x000001a987bdb0c0 relative=0x0000000000000ea0
Event: 2.371 Thread 0x000001a9e89f1000 Uncommon trap: reason=unstable_if action=reinterpret pc=0x000001a987bdb0c0 method=org.codehaus.plexus.util.xml.pull.MXParser.nextImpl()I @ 310 c2
Event: 2.371 Thread 0x000001a9e89f1000 DEOPT PACKING pc=0x000001a987bdb0c0 sp=0x00000087d2dfc9d0
Event: 2.371 Thread 0x000001a9e89f1000 DEOPT UNPACKING pc=0x000001a98004912f sp=0x00000087d2dfc948 mode 2
Event: 2.372 Thread 0x000001a9e89f1000 DEOPT PACKING pc=0x000001a980a6813e sp=0x00000087d2dfc850
Event: 2.372 Thread 0x000001a9e89f1000 DEOPT UNPACKING pc=0x000001a98004964e sp=0x00000087d2dfbda8 mode 0
Event: 2.379 Thread 0x000001a9e89f1000 DEOPT PACKING pc=0x000001a980b497c6 sp=0x00000087d2dfc880
Event: 2.379 Thread 0x000001a9e89f1000 DEOPT UNPACKING pc=0x000001a98004964e sp=0x00000087d2dfbe30 mode 0
Event: 2.389 Thread 0x000001a9e89f1000 DEOPT PACKING pc=0x000001a980a45fe9 sp=0x00000087d2dfd3f0
Event: 2.389 Thread 0x000001a9e89f1000 DEOPT UNPACKING pc=0x000001a98004964e sp=0x00000087d2dfc8d8 mode 0
Event: 2.512 Thread 0x000001a9e89f1000 DEOPT PACKING pc=0x000001a9807733a9 sp=0x00000087d2dfcca0
Event: 2.512 Thread 0x000001a9e89f1000 DEOPT UNPACKING pc=0x000001a98004964e sp=0x00000087d2dfc1e0 mode 0
Event: 2.544 Thread 0x000001a9e89f1000 DEOPT PACKING pc=0x000001a9805da63b sp=0x00000087d2dfc690
Event: 2.544 Thread 0x000001a9e89f1000 DEOPT UNPACKING pc=0x000001a98004964e sp=0x00000087d2dfbb08 mode 0
Event: 2.603 Thread 0x000001a9e89f1000 DEOPT PACKING pc=0x000001a9806c5934 sp=0x00000087d2df6a20
Event: 2.603 Thread 0x000001a9e89f1000 DEOPT UNPACKING pc=0x000001a98004964e sp=0x00000087d2df5e20 mode 0

Classes unloaded (0 events):
No events

Classes redefined (0 events):
No events

Internal exceptions (11 events):
Event: 0.218 Thread 0x000001a9e89f1000 Exception <a 'java/lang/NoSuchMethodError'{0x00000000c56c4240}: 'int java.lang.invoke.DirectMethodHandle$Holder.invokeSpecialIFC(java.lang.Object, java.lang.Object, int)'> (0x00000000c56c4240) 
thrown [t:/workspace/open/src/hotspot/share/interpreter/linkResolver.cpp, line 767]
Event: 1.256 Thread 0x000001a9e89f1000 Exception <a 'java/lang/NoClassDefFoundError'{0x00000000c3b0af28}: com/google/inject/servlet/ServletModuleTargetVisitor> (0x00000000c3b0af28) 
thrown [t:/workspace/open/src/hotspot/share/classfile/systemDictionary.cpp, line 221]
Event: 1.257 Thread 0x000001a9e89f1000 Exception <a 'java/lang/NoClassDefFoundError'{0x00000000c3b0daf0}: javax/annotation/Priority> (0x00000000c3b0daf0) 
thrown [t:/workspace/open/src/hotspot/share/classfile/systemDictionary.cpp, line 221]
Event: 1.426 Thread 0x000001a9e89f1000 Exception <a 'java/lang/NoSuchMethodError'{0x00000000c3717080}: 'java.lang.Object java.lang.invoke.DirectMethodHandle$Holder.invokeStaticInit(java.lang.Object, int, int, int, int)'> (0x00000000c3717080) 
thrown [t:/workspace/open/src/hotspot/share/interpreter/linkResolver.cpp, line 767]
Event: 1.566 Thread 0x000001a9e89f1000 Implicit null exception at 0x000001a987b6f09d to 0x000001a987b6f186
Event: 1.739 Thread 0x000001a9e89f1000 Implicit null exception at 0x000001a987b36765 to 0x000001a987b3694e
Event: 1.739 Thread 0x000001a9e89f1000 Implicit null exception at 0x000001a987b4492f to 0x000001a987b449ad
Event: 1.740 Thread 0x000001a9e89f1000 Implicit null exception at 0x000001a987b393cb to 0x000001a987b39a9e
Event: 2.667 Thread 0x000001a9e89f1000 Exception <a 'java/lang/NoSuchMethodError'{0x00000000c5b21f68}: 'void java.lang.invoke.DirectMethodHandle$Holder.invokeStatic(java.lang.Object, long)'> (0x00000000c5b21f68) 
thrown [t:/workspace/open/src/hotspot/share/interpreter/linkResolver.cpp, line 767]
Event: 2.672 Thread 0x000001a9e89f1000 Exception <a 'java/lang/NoSuchMethodError'{0x00000000c5b2ce70}: 'java.lang.Object java.lang.invoke.DirectMethodHandle$Holder.invokeStaticInit(java.lang.Object, java.lang.Object, long, java.lang.Object)'> (0x00000000c5b2ce70) 
thrown [t:/workspace/open/src/hotspot/share/interpreter/linkResolver.cpp, line 767]
Event: 2.674 Thread 0x000001a9e89f1000 Exception <a 'java/lang/NoSuchMethodError'{0x00000000c5b32ef8}: 'java.lang.Object java.lang.invoke.Invokers$Holder.linkToTargetMethod(java.lang.Object, long, java.lang.Object)'> (0x00000000c5b32ef8) 
thrown [t:/workspace/open/src/hotspot/share/interpreter/linkResolver.cpp, line 767]

Events (20 events):
Event: 2.733 Executing VM operation: RevokeBias
Event: 2.733 Executing VM operation: RevokeBias done
Event: 2.733 Thread 0x000001a9f98ed000 Thread exited: 0x000001a9f98ed000
Event: 2.733 Thread 0x000001a9f98d7800 Thread exited: 0x000001a9f98d7800
Event: 2.784 Thread 0x000001a9f9767000 Thread exited: 0x000001a9f9767000
Event: 2.784 Executing VM operation: RevokeBias
Event: 2.784 Executing VM operation: RevokeBias done
Event: 2.784 loading class java/io/FileOutputStream$1
Event: 2.785 loading class java/io/FileOutputStream$1 done
Event: 2.785 loading class java/lang/Throwable$WrappedPrintStream
Event: 2.785 loading class java/lang/Throwable$PrintStreamOrWriter
Event: 2.785 loading class java/lang/Throwable$PrintStreamOrWriter done
Event: 2.785 loading class java/lang/Throwable$WrappedPrintStream done
Event: 2.787 loading class org/apache/maven/lifecycle/LifecycleExecutionException
Event: 2.787 loading class org/apache/maven/lifecycle/LifecycleExecutionException done
Event: 2.787 loading class org/codehaus/plexus/util/Base64
Event: 2.787 loading class org/codehaus/plexus/util/Base64 done
Event: 2.787 loading class org/codehaus/plexus/util/Base64
Event: 2.787 loading class org/codehaus/plexus/util/Base64 done
Event: 2.790 Executing VM operation: G1CollectFull


Dynamic libraries:
0x00007ff716090000 - 0x00007ff71609f000 	C:\Program Files\Java\jdk-13.0.1\bin\java.exe
0x00007ffbb7040000 - 0x00007ffbb7230000 	C:\WINDOWS\SYSTEM32\ntdll.dll
0x00007ffbb5c70000 - 0x00007ffbb5d22000 	C:\WINDOWS\System32\KERNEL32.DLL
0x00007ffbb4090000 - 0x00007ffbb4335000 	C:\WINDOWS\System32\KERNELBASE.dll
0x00007ffbb4ed0000 - 0x00007ffbb4fca000 	C:\WINDOWS\System32\ucrtbase.dll
0x00007ffba7c30000 - 0x00007ffba7c48000 	C:\Program Files\Java\jdk-13.0.1\bin\jli.dll
0x00007ffbadd30000 - 0x00007ffbadd45000 	C:\Program Files\Java\jdk-13.0.1\bin\VCRUNTIME140.dll
0x00007ffbb5da0000 - 0x00007ffbb5e43000 	C:\WINDOWS\System32\ADVAPI32.dll
0x00007ffbb5e50000 - 0x00007ffbb5eee000 	C:\WINDOWS\System32\msvcrt.dll
0x00007ffbb6280000 - 0x00007ffbb6317000 	C:\WINDOWS\System32\sechost.dll
0x00007ffbb5ae0000 - 0x00007ffbb5bff000 	C:\WINDOWS\System32\RPCRT4.dll
0x00007ffbb5120000 - 0x00007ffbb52b4000 	C:\WINDOWS\System32\USER32.dll
0x00007ffbb4060000 - 0x00007ffbb4081000 	C:\WINDOWS\System32\win32u.dll
0x00007ffbb5f20000 - 0x00007ffbb5f46000 	C:\WINDOWS\System32\GDI32.dll
0x00007ffb9f970000 - 0x00007ffb9fbf4000 	C:\WINDOWS\WinSxS\amd64_microsoft.windows.common-controls_6595b64144ccf1df_6.0.18362.1379_none_9e7ff3b3e45cc0c4\COMCTL32.dll
0x00007ffbb4340000 - 0x00007ffbb44d8000 	C:\WINDOWS\System32\gdi32full.dll
0x00007ffbb6960000 - 0x00007ffbb6c97000 	C:\WINDOWS\System32\combase.dll
0x00007ffbb3fc0000 - 0x00007ffbb405e000 	C:\WINDOWS\System32\msvcp_win.dll
0x00007ffbb4fd0000 - 0x00007ffbb5051000 	C:\WINDOWS\System32\bcryptPrimitives.dll
0x00007ffbae8a0000 - 0x00007ffbae8aa000 	C:\WINDOWS\SYSTEM32\VERSION.dll
0x00007ffbb50f0000 - 0x00007ffbb511e000 	C:\WINDOWS\System32\IMM32.DLL
0x00007ffb9ed10000 - 0x00007ffb9edab000 	C:\Program Files\Java\jdk-13.0.1\bin\msvcp140.dll
0x00007ffb541b0000 - 0x00007ffb54d16000 	C:\Program Files\Java\jdk-13.0.1\bin\server\jvm.dll
0x00007ffbb5f50000 - 0x00007ffbb5f58000 	C:\WINDOWS\System32\PSAPI.DLL
0x00007ffbae210000 - 0x00007ffbae219000 	C:\WINDOWS\SYSTEM32\WSOCK32.dll
0x00007ffbaa310000 - 0x00007ffbaa334000 	C:\WINDOWS\SYSTEM32\WINMM.dll
0x00007ffbb5c00000 - 0x00007ffbb5c6f000 	C:\WINDOWS\System32\WS2_32.dll
0x00007ffbaa2c0000 - 0x00007ffbaa2ed000 	C:\WINDOWS\SYSTEM32\winmmbase.dll
0x00007ffbb4630000 - 0x00007ffbb467a000 	C:\WINDOWS\System32\cfgmgr32.dll
0x00007ffbb3fa0000 - 0x00007ffbb3fb1000 	C:\WINDOWS\System32\kernel.appcore.dll
0x00007ffbad570000 - 0x00007ffbad580000 	C:\Program Files\Java\jdk-13.0.1\bin\verify.dll
0x00007ffbb1c70000 - 0x00007ffbb1e64000 	C:\WINDOWS\SYSTEM32\DBGHELP.DLL
0x00007ffbad8f0000 - 0x00007ffbad91a000 	C:\WINDOWS\SYSTEM32\dbgcore.DLL
0x00007ffba76f0000 - 0x00007ffba7716000 	C:\Program Files\Java\jdk-13.0.1\bin\java.dll
0x00007ffba7ea0000 - 0x00007ffba7eb7000 	C:\Program Files\Java\jdk-13.0.1\bin\zip.dll
0x00007ffbad510000 - 0x00007ffbad51a000 	C:\Program Files\Java\jdk-13.0.1\bin\jimage.dll
0x00007ffbb53f0000 - 0x00007ffbb5ad8000 	C:\WINDOWS\System32\SHELL32.dll
0x00007ffbb5340000 - 0x00007ffbb53e7000 	C:\WINDOWS\System32\shcore.dll
0x00007ffbb46a0000 - 0x00007ffbb4e1b000 	C:\WINDOWS\System32\windows.storage.dll
0x00007ffbb3f50000 - 0x00007ffbb3f73000 	C:\WINDOWS\System32\profapi.dll
0x00007ffbb3f00000 - 0x00007ffbb3f4a000 	C:\WINDOWS\System32\powrprof.dll
0x00007ffbb3ef0000 - 0x00007ffbb3f00000 	C:\WINDOWS\System32\UMPDC.dll
0x00007ffbb6030000 - 0x00007ffbb6082000 	C:\WINDOWS\System32\shlwapi.dll
0x00007ffbb4680000 - 0x00007ffbb4697000 	C:\WINDOWS\System32\cryptsp.dll
0x00007ffba7e70000 - 0x00007ffba7e89000 	C:\Program Files\Java\jdk-13.0.1\bin\net.dll
0x00007ffbac010000 - 0x00007ffbac100000 	C:\WINDOWS\SYSTEM32\WINHTTP.dll
0x00007ffbb36d0000 - 0x00007ffbb3737000 	C:\WINDOWS\system32\mswsock.dll
0x00007ffba7be0000 - 0x00007ffba7bf3000 	C:\Program Files\Java\jdk-13.0.1\bin\nio.dll

dbghelp: loaded successfully - version: 4.0.5 - missing functions: none
symbol engine: initialized successfully - sym options: 0x614 - pdb path: .;C:\Program Files\Java\jdk-13.0.1\bin;C:\WINDOWS\SYSTEM32;C:\WINDOWS\WinSxS\amd64_microsoft.windows.common-controls_6595b64144ccf1df_6.0.18362.1379_none_9e7ff3b3e45cc0c4;C:\Program Files\Java\jdk-13.0.1\bin\server

VM Arguments:
jvm_args: -Dclassworlds.conf=C:\Program Files\NetBeans-11.2\netbeans\java\maven\bin\m2.conf -Dmaven.home=C:\Program Files\NetBeans-11.2\netbeans\java\maven -Dmaven.multiModuleProjectDirectory=C:\Users\kira\OneDrive\Dokumenty\NetBeansProjects\ChessGame_2021 
java_command: org.codehaus.plexus.classworlds.launcher.Launcher -Dexec.args=-classpath %classpath cz.cvut.fel.pjv.view.Game -Dexec.executable=C:\Program Files\Java\jdk-13.0.1\bin\java.exe -Dmaven.ext.class.path=C:\Program Files\NetBeans-11.2\netbeans\java\maven-nblib\netbeans-eventspy.jar -Dfile.encoding=UTF-8 org.codehaus.mojo:exec-maven-plugin:1.5.0:exec
java_class_path (initial): C:\Program Files\NetBeans-11.2\netbeans\java\maven\boot\plexus-classworlds-2.5.2.jar
Launcher Type: SUN_STANDARD

[Global flags]
     intx CICompilerCount                          = 4                                         {product} {ergonomic}
     uint ConcGCThreads                            = 2                                         {product} {ergonomic}
     uint G1ConcRefinementThreads                  = 8                                         {product} {ergonomic}
   size_t G1HeapRegionSize                         = 1048576                                   {product} {ergonomic}
    uintx GCDrainStackTargetSize                   = 64                                        {product} {ergonomic}
   size_t InitialHeapSize                          = 67108864                                  {product} {ergonomic}
   size_t MarkStackSize                            = 4194304                                   {product} {ergonomic}
   size_t MaxHeapSize                              = 1044381696                                {product} {ergonomic}
   size_t MaxNewSize                               = 625999872                                 {product} {ergonomic}
   size_t MinHeapDeltaBytes                        = 1048576                                   {product} {ergonomic}
   size_t MinHeapSize                              = 8388608                                   {product} {ergonomic}
    uintx NonNMethodCodeHeapSize                   = 5836300                                {pd product} {ergonomic}
    uintx NonProfiledCodeHeapSize                  = 122910970                              {pd product} {ergonomic}
    uintx ProfiledCodeHeapSize                     = 122910970                              {pd product} {ergonomic}
    uintx ReservedCodeCacheSize                    = 251658240                              {pd product} {ergonomic}
     bool SegmentedCodeCache                       = true                                      {product} {ergonomic}
   size_t SoftMaxHeapSize                          = 1044381696                             {manageable} {ergonomic}
     bool UseCompressedClassPointers               = true                                 {lp64_product} {ergonomic}
     bool UseCompressedOops                        = true                                 {lp64_product} {ergonomic}
     bool UseG1GC                                  = true                                      {product} {ergonomic}
     bool UseLargePagesIndividualAllocation        = false                                  {pd product} {ergonomic}

Logging:
Log output configuration:
 #0: stdout all=warning uptime,level,tags
 #1: stderr all=off uptime,level,tags

Environment Variables:
JAVA_HOME=C:\Program Files\Java\jdk-13.0.1
PATH=C:\Program Files (x86)\Intel\iCLS Client\;C:\Program Files\Intel\iCLS Client\;C:\WINDOWS\system32;C:\WINDOWS;C:\WINDOWS\System32\Wbem;C:\WINDOWS\System32\WindowsPowerShell\v1.0\;C:\WINDOWS\System32\OpenSSH\;C:\Program Files (x86)\Intel\Intel(R) Management Engine Components\DAL;C:\Program Files\Intel\Intel(R) Management Engine Components\DAL;C:\Program Files (x86)\Intel\Intel(R) Management Engine Components\IPT;C:\Program Files\Intel\Intel(R) Management Engine Components\IPT;C:\Program Files\Intel\WiFi\bin\;C:\Program Files\Common Files\Intel\WirelessCommon\;C:\Program Files\GCC\bin;C:\Program Files\Java\jdk-13.0.1\bin;C:\Program Files\Git\cmd;C:\Program Files\OpenVPN\bin;C:\Program Files\CMake\bin;C:\Users\kira\AppData\Local\Programs\Python\Python37\Scripts\;C:\Users\kira\AppData\Local\Programs\Python\Python37\;C:\Users\kira\AppData\Local\Microsoft\WindowsApps;C:\Program Files\JetBrains\PyCharm 2019.2.3\bin;;C:\Program Files\JetBrains\PhpStorm 2019.3.1\bin;;C:\Program Files\JetBrains\IntelliJ IDEA Community Edition 2019.3.3\bin;;C:\Program Files\apache-maven-3.6.3\bin;C:\Program Files (x86)\Dr. Memory\bin\;C:\Program Files (x86)\Dr. Memory\bin64;
USERNAME=kira
OS=Windows_NT
PROCESSOR_IDENTIFIER=Intel64 Family 6 Model 142 Stepping 10, GenuineIntel



---------------  S Y S T E M  ---------------

OS: Windows 10 , 64 bit Build 18362 (10.0.18362.1350)

CPU:total 8 (initial active 8) (4 cores per cpu, 2 threads per core) family 6 model 142 stepping 10, cmov, cx8, fxsr, mmx, sse, sse2, sse3, ssse3, sse4.1, sse4.2, popcnt, avx, avx2, aes, clmul, erms, 3dnowpref, lzcnt, ht, tsc, tscinvbit, bmi1, bmi2, adx, fma

Memory: 4k page, system-wide physical 3978M (240M free)
TotalPageFile size 16266M (AvailPageFile size 7M)
current process WorkingSet (physical memory assigned to process): 112M, peak: 112M
current process commit charge ("private bytes"): 178M, peak: 180M

vm_info: Java HotSpot(TM) 64-Bit Server VM (13.0.1+9) for windows-amd64 JRE (13.0.1+9), built on Oct  6 2019 12:37:49 by "mach5one" with unknown MS VC++:1916

END.
