#
# There is insufficient memory for the Java Runtime Environment to continue.
# Native memory allocation (malloc) failed to allocate 739376 bytes for Chunk::new
# Possible reasons:
#   The system is out of physical RAM or swap space
#   The process is running with CompressedOops enabled, and the Java Heap may be blocking the growth of the native heap
# Possible solutions:
#   Reduce memory load on the system
#   Increase physical memory or swap space
#   Check if swap backing store is full
#   Decrease Java heap size (-Xmx/-Xms)
#   Decrease number of Java threads
#   Decrease Java thread stack sizes (-Xss)
#   Set larger code cache with -XX:ReservedCodeCacheSize=
#   JVM is running with Unscaled Compressed Oops mode in which the Java heap is
#     placed in the first 4GB address space. The Java Heap base address is the
#     maximum limit for the native heap growth. Please use -XX:HeapBaseMinAddress
#     to set the Java Heap base and to place the Java Heap above 4GB virtual address.
# This output file may be truncated or incomplete.
#
#  Out of Memory Error (t:/workspace/open/src/hotspot/share/memory/arena.cpp:196), pid=26892, tid=19420
#
# JRE version: Java(TM) SE Runtime Environment (13.0.1+9) (build 13.0.1+9)
# Java VM: Java HotSpot(TM) 64-Bit Server VM (13.0.1+9, mixed mode, sharing, tiered, compressed oops, g1 gc, windows-amd64)
# No core dump will be written. Minidumps are not enabled by default on client versions of Windows
#

---------------  S U M M A R Y ------------

Command Line: -Dclassworlds.conf=C:\Program Files\NetBeans-11.2\netbeans\java\maven\bin\m2.conf -Dmaven.home=C:\Program Files\NetBeans-11.2\netbeans\java\maven -Dmaven.multiModuleProjectDirectory=C:\Users\kira\OneDrive\Dokumenty\NetBeansProjects\ChessGame_2021 org.codehaus.plexus.classworlds.launcher.Launcher -Dexec.args=-classpath %classpath cz.cvut.fel.pjv.view.Game -Dexec.executable=C:\Program Files\Java\jdk-13.0.1\bin\java.exe -Dmaven.ext.class.path=C:\Program Files\NetBeans-11.2\netbeans\java\maven-nblib\netbeans-eventspy.jar -Dfile.encoding=UTF-8 org.codehaus.mojo:exec-maven-plugin:1.5.0:exec

Host: Intel(R) Core(TM) i5-8250U CPU @ 1.60GHz, 8 cores, 3G,  Windows 10 , 64 bit Build 18362 (10.0.18362.1350)
Time: Tue Mar  2 22:06:29 2021  elapsed time: 1 seconds (0d 0h 0m 1s)

---------------  T H R E A D  ---------------

Current thread (0x00000293f6336000):  JavaThread "C2 CompilerThread0" daemon [_thread_in_native, id=19420, stack(0x000000ebeda00000,0x000000ebedb00000)]


Current CompileTask:
C2:   1827 1998       4       org.codehaus.plexus.util.xml.pull.MXParser::parseStartTag (1195 bytes)

Stack: [0x000000ebeda00000,0x000000ebedb00000]
Native frames: (J=compiled Java code, j=interpreted, Vv=VM code, C=native code)
V  [jvm.dll+0x626eca]
V  [jvm.dll+0x772c6a]
V  [jvm.dll+0x77441f]
V  [jvm.dll+0x774a23]
V  [jvm.dll+0x24da58]
V  [jvm.dll+0xc3ae7]
V  [jvm.dll+0xc406c]
V  [jvm.dll+0x35de18]
V  [jvm.dll+0x329593]
V  [jvm.dll+0x32896a]
V  [jvm.dll+0x2078c7]
V  [jvm.dll+0x206adf]
V  [jvm.dll+0x18b94c]
V  [jvm.dll+0x2159bd]
V  [jvm.dll+0x213e6b]
V  [jvm.dll+0x738b16]
V  [jvm.dll+0x731c0a]
V  [jvm.dll+0x6260c6]
C  [ucrtbase.dll+0x210b2]
C  [KERNEL32.DLL+0x17c24]
C  [ntdll.dll+0x6d721]


---------------  P R O C E S S  ---------------

Threads class SMR info:
_java_thread_list=0x00000293f6d73f20, length=10, elements={
0x00000293d9ace800, 0x00000293d9b9c800, 0x00000293d9b9e000, 0x00000293f6333000,
0x00000293f6334000, 0x00000293f6336000, 0x00000293f633a800, 0x00000293f633b800,
0x00000293f6d82800, 0x00000293f6d87800
}

Java Threads: ( => current thread )
  0x00000293d9ace800 JavaThread "main" [_thread_in_native, id=21572, stack(0x000000ebecf00000,0x000000ebed000000)]
  0x00000293d9b9c800 JavaThread "Reference Handler" daemon [_thread_blocked, id=41000, stack(0x000000ebed600000,0x000000ebed700000)]
  0x00000293d9b9e000 JavaThread "Finalizer" daemon [_thread_blocked, id=17516, stack(0x000000ebed700000,0x000000ebed800000)]
  0x00000293f6333000 JavaThread "Signal Dispatcher" daemon [_thread_blocked, id=21688, stack(0x000000ebed800000,0x000000ebed900000)]
  0x00000293f6334000 JavaThread "Attach Listener" daemon [_thread_blocked, id=34284, stack(0x000000ebed900000,0x000000ebeda00000)]
=>0x00000293f6336000 JavaThread "C2 CompilerThread0" daemon [_thread_in_native, id=19420, stack(0x000000ebeda00000,0x000000ebedb00000)]
  0x00000293f633a800 JavaThread "C1 CompilerThread0" daemon [_thread_blocked, id=44292, stack(0x000000ebedb00000,0x000000ebedc00000)]
  0x00000293f633b800 JavaThread "Sweeper thread" daemon [_thread_blocked, id=36580, stack(0x000000ebedc00000,0x000000ebedd00000)]
  0x00000293f6d82800 JavaThread "Service Thread" daemon [_thread_blocked, id=44120, stack(0x000000ebedd00000,0x000000ebede00000)]
  0x00000293f6d87800 JavaThread "Common-Cleaner" daemon [_thread_blocked, id=17496, stack(0x000000ebedf00000,0x000000ebee000000)]

Other Threads:
  0x00000293d9b9a000 VMThread "VM Thread" [stack: 0x000000ebed500000,0x000000ebed600000] [id=20476]
  0x00000293f6d84800 WatcherThread [stack: 0x000000ebede00000,0x000000ebedf00000] [id=40344]
  0x00000293d9b01800 GCTaskThread "GC Thread#0" [stack: 0x000000ebed000000,0x000000ebed100000] [id=32244]
  0x00000293f773f800 GCTaskThread "GC Thread#1" [stack: 0x000000ebee000000,0x000000ebee100000] [id=43884]
  0x00000293d9b0a800 ConcurrentGCThread "G1 Main Marker" [stack: 0x000000ebed100000,0x000000ebed200000] [id=40780]
  0x00000293d9b0c000 ConcurrentGCThread "G1 Conc#0" [stack: 0x000000ebed200000,0x000000ebed300000] [id=20156]
  0x00000293d9b75000 ConcurrentGCThread "G1 Refine#0" [stack: 0x000000ebed300000,0x000000ebed400000] [id=15380]
  0x00000293d9b77000 ConcurrentGCThread "G1 Young RemSet Sampling" [stack: 0x000000ebed400000,0x000000ebed500000] [id=24056]

Threads with active compile tasks:
C2 CompilerThread0     3084 1998       4       org.codehaus.plexus.util.xml.pull.MXParser::parseStartTag (1195 bytes)

VM state:not at safepoint (normal execution)

VM Mutex/Monitor currently owned by a thread: None

Heap address: 0x00000000c1c00000, size: 996 MB, Compressed Oops mode: 32-bit
Narrow klass base: 0x0000000800000000, Narrow klass shift: 3
Compressed class space size: 1073741824 Address: 0x0000000800b40000

Heap:
 garbage-first heap   total 65536K, used 16702K [0x00000000c1c00000, 0x0000000100000000)
  region size 1024K, 15 young (15360K), 3 survivors (3072K)
 Metaspace       used 12359K, capacity 14212K, committed 14336K, reserved 1062912K
  class space    used 1480K, capacity 1722K, committed 1792K, reserved 1048576K
Heap Regions: E=young(eden), S=young(survivor), O=old, HS=humongous(starts), HC=humongous(continues), CS=collection set, F=free, A=archive, TAMS=top-at-mark-start (previous, next)
|   0|0x00000000c1c00000, 0x00000000c1d00000, 0x00000000c1d00000|100%| O|  |TAMS 0x00000000c1c00000, 0x00000000c1c00000| Untracked 
|   1|0x00000000c1d00000, 0x00000000c1e00000, 0x00000000c1e00000|100%| O|  |TAMS 0x00000000c1d00000, 0x00000000c1d00000| Untracked 
|   2|0x00000000c1e00000, 0x00000000c1f00000, 0x00000000c1f00000|100%| O|  |TAMS 0x00000000c1e00000, 0x00000000c1e00000| Untracked 
|   3|0x00000000c1f00000, 0x00000000c1f18600, 0x00000000c2000000|  9%| O|  |TAMS 0x00000000c1f00000, 0x00000000c1f00000| Untracked 
|   4|0x00000000c2000000, 0x00000000c2000000, 0x00000000c2100000|  0%| F|  |TAMS 0x00000000c2000000, 0x00000000c2000000| Untracked 
|   5|0x00000000c2100000, 0x00000000c2100000, 0x00000000c2200000|  0%| F|  |TAMS 0x00000000c2100000, 0x00000000c2100000| Untracked 
|   6|0x00000000c2200000, 0x00000000c2200000, 0x00000000c2300000|  0%| F|  |TAMS 0x00000000c2200000, 0x00000000c2200000| Untracked 
|   7|0x00000000c2300000, 0x00000000c2300000, 0x00000000c2400000|  0%| F|  |TAMS 0x00000000c2300000, 0x00000000c2300000| Untracked 
|   8|0x00000000c2400000, 0x00000000c2400000, 0x00000000c2500000|  0%| F|  |TAMS 0x00000000c2400000, 0x00000000c2400000| Untracked 
|   9|0x00000000c2500000, 0x00000000c2500000, 0x00000000c2600000|  0%| F|  |TAMS 0x00000000c2500000, 0x00000000c2500000| Untracked 
|  10|0x00000000c2600000, 0x00000000c2600000, 0x00000000c2700000|  0%| F|  |TAMS 0x00000000c2600000, 0x00000000c2600000| Untracked 
|  11|0x00000000c2700000, 0x00000000c2700000, 0x00000000c2800000|  0%| F|  |TAMS 0x00000000c2700000, 0x00000000c2700000| Untracked 
|  12|0x00000000c2800000, 0x00000000c2800000, 0x00000000c2900000|  0%| F|  |TAMS 0x00000000c2800000, 0x00000000c2800000| Untracked 
|  13|0x00000000c2900000, 0x00000000c2900000, 0x00000000c2a00000|  0%| F|  |TAMS 0x00000000c2900000, 0x00000000c2900000| Untracked 
|  14|0x00000000c2a00000, 0x00000000c2a00000, 0x00000000c2b00000|  0%| F|  |TAMS 0x00000000c2a00000, 0x00000000c2a00000| Untracked 
|  15|0x00000000c2b00000, 0x00000000c2b00000, 0x00000000c2c00000|  0%| F|  |TAMS 0x00000000c2b00000, 0x00000000c2b00000| Untracked 
|  16|0x00000000c2c00000, 0x00000000c2c00000, 0x00000000c2d00000|  0%| F|  |TAMS 0x00000000c2c00000, 0x00000000c2c00000| Untracked 
|  17|0x00000000c2d00000, 0x00000000c2d00000, 0x00000000c2e00000|  0%| F|  |TAMS 0x00000000c2d00000, 0x00000000c2d00000| Untracked 
|  18|0x00000000c2e00000, 0x00000000c2e00000, 0x00000000c2f00000|  0%| F|  |TAMS 0x00000000c2e00000, 0x00000000c2e00000| Untracked 
|  19|0x00000000c2f00000, 0x00000000c2f00000, 0x00000000c3000000|  0%| F|  |TAMS 0x00000000c2f00000, 0x00000000c2f00000| Untracked 
|  20|0x00000000c3000000, 0x00000000c3000000, 0x00000000c3100000|  0%| F|  |TAMS 0x00000000c3000000, 0x00000000c3000000| Untracked 
|  21|0x00000000c3100000, 0x00000000c3100000, 0x00000000c3200000|  0%| F|  |TAMS 0x00000000c3100000, 0x00000000c3100000| Untracked 
|  22|0x00000000c3200000, 0x00000000c3200000, 0x00000000c3300000|  0%| F|  |TAMS 0x00000000c3200000, 0x00000000c3200000| Untracked 
|  23|0x00000000c3300000, 0x00000000c3337430, 0x00000000c3400000| 21%| S|CS|TAMS 0x00000000c3300000, 0x00000000c3300000| Complete 
|  24|0x00000000c3400000, 0x00000000c3500000, 0x00000000c3500000|100%| S|CS|TAMS 0x00000000c3400000, 0x00000000c3400000| Complete 
|  25|0x00000000c3500000, 0x00000000c3600000, 0x00000000c3600000|100%| S|CS|TAMS 0x00000000c3500000, 0x00000000c3500000| Complete 
|  26|0x00000000c3600000, 0x00000000c3600000, 0x00000000c3700000|  0%| F|  |TAMS 0x00000000c3600000, 0x00000000c3600000| Untracked 
|  27|0x00000000c3700000, 0x00000000c3700000, 0x00000000c3800000|  0%| F|  |TAMS 0x00000000c3700000, 0x00000000c3700000| Untracked 
|  28|0x00000000c3800000, 0x00000000c3800000, 0x00000000c3900000|  0%| F|  |TAMS 0x00000000c3800000, 0x00000000c3800000| Untracked 
|  29|0x00000000c3900000, 0x00000000c3900000, 0x00000000c3a00000|  0%| F|  |TAMS 0x00000000c3900000, 0x00000000c3900000| Untracked 
|  30|0x00000000c3a00000, 0x00000000c3a00000, 0x00000000c3b00000|  0%| F|  |TAMS 0x00000000c3a00000, 0x00000000c3a00000| Untracked 
|  31|0x00000000c3b00000, 0x00000000c3b00000, 0x00000000c3c00000|  0%| F|  |TAMS 0x00000000c3b00000, 0x00000000c3b00000| Untracked 
|  32|0x00000000c3c00000, 0x00000000c3c00000, 0x00000000c3d00000|  0%| F|  |TAMS 0x00000000c3c00000, 0x00000000c3c00000| Untracked 
|  33|0x00000000c3d00000, 0x00000000c3d00000, 0x00000000c3e00000|  0%| F|  |TAMS 0x00000000c3d00000, 0x00000000c3d00000| Untracked 
|  34|0x00000000c3e00000, 0x00000000c3e00000, 0x00000000c3f00000|  0%| F|  |TAMS 0x00000000c3e00000, 0x00000000c3e00000| Untracked 
|  35|0x00000000c3f00000, 0x00000000c3f00000, 0x00000000c4000000|  0%| F|  |TAMS 0x00000000c3f00000, 0x00000000c3f00000| Untracked 
|  36|0x00000000c4000000, 0x00000000c4000000, 0x00000000c4100000|  0%| F|  |TAMS 0x00000000c4000000, 0x00000000c4000000| Untracked 
|  37|0x00000000c4100000, 0x00000000c4100000, 0x00000000c4200000|  0%| F|  |TAMS 0x00000000c4100000, 0x00000000c4100000| Untracked 
|  38|0x00000000c4200000, 0x00000000c4200000, 0x00000000c4300000|  0%| F|  |TAMS 0x00000000c4200000, 0x00000000c4200000| Untracked 
|  39|0x00000000c4300000, 0x00000000c4300000, 0x00000000c4400000|  0%| F|  |TAMS 0x00000000c4300000, 0x00000000c4300000| Untracked 
|  40|0x00000000c4400000, 0x00000000c4400000, 0x00000000c4500000|  0%| F|  |TAMS 0x00000000c4400000, 0x00000000c4400000| Untracked 
|  41|0x00000000c4500000, 0x00000000c4500000, 0x00000000c4600000|  0%| F|  |TAMS 0x00000000c4500000, 0x00000000c4500000| Untracked 
|  42|0x00000000c4600000, 0x00000000c4600000, 0x00000000c4700000|  0%| F|  |TAMS 0x00000000c4600000, 0x00000000c4600000| Untracked 
|  43|0x00000000c4700000, 0x00000000c4700000, 0x00000000c4800000|  0%| F|  |TAMS 0x00000000c4700000, 0x00000000c4700000| Untracked 
|  44|0x00000000c4800000, 0x00000000c4800000, 0x00000000c4900000|  0%| F|  |TAMS 0x00000000c4800000, 0x00000000c4800000| Untracked 
|  45|0x00000000c4900000, 0x00000000c4900000, 0x00000000c4a00000|  0%| F|  |TAMS 0x00000000c4900000, 0x00000000c4900000| Untracked 
|  46|0x00000000c4a00000, 0x00000000c4a00000, 0x00000000c4b00000|  0%| F|  |TAMS 0x00000000c4a00000, 0x00000000c4a00000| Untracked 
|  47|0x00000000c4b00000, 0x00000000c4b00000, 0x00000000c4c00000|  0%| F|  |TAMS 0x00000000c4b00000, 0x00000000c4b00000| Untracked 
|  48|0x00000000c4c00000, 0x00000000c4c00000, 0x00000000c4d00000|  0%| F|  |TAMS 0x00000000c4c00000, 0x00000000c4c00000| Untracked 
|  49|0x00000000c4d00000, 0x00000000c4d00000, 0x00000000c4e00000|  0%| F|  |TAMS 0x00000000c4d00000, 0x00000000c4d00000| Untracked 
|  50|0x00000000c4e00000, 0x00000000c4e00000, 0x00000000c4f00000|  0%| F|  |TAMS 0x00000000c4e00000, 0x00000000c4e00000| Untracked 
|  51|0x00000000c4f00000, 0x00000000c4f00000, 0x00000000c5000000|  0%| F|  |TAMS 0x00000000c4f00000, 0x00000000c4f00000| Untracked 
|  52|0x00000000c5000000, 0x00000000c5080800, 0x00000000c5100000| 50%| E|  |TAMS 0x00000000c5000000, 0x00000000c5000000| Complete 
|  53|0x00000000c5100000, 0x00000000c5200000, 0x00000000c5200000|100%| E|CS|TAMS 0x00000000c5100000, 0x00000000c5100000| Complete 
|  54|0x00000000c5200000, 0x00000000c5300000, 0x00000000c5300000|100%| E|CS|TAMS 0x00000000c5200000, 0x00000000c5200000| Complete 
|  55|0x00000000c5300000, 0x00000000c5400000, 0x00000000c5400000|100%| E|CS|TAMS 0x00000000c5300000, 0x00000000c5300000| Complete 
|  56|0x00000000c5400000, 0x00000000c5500000, 0x00000000c5500000|100%| E|CS|TAMS 0x00000000c5400000, 0x00000000c5400000| Complete 
|  57|0x00000000c5500000, 0x00000000c5600000, 0x00000000c5600000|100%| E|CS|TAMS 0x00000000c5500000, 0x00000000c5500000| Complete 
|  58|0x00000000c5600000, 0x00000000c5700000, 0x00000000c5700000|100%| E|CS|TAMS 0x00000000c5600000, 0x00000000c5600000| Complete 
|  59|0x00000000c5700000, 0x00000000c5800000, 0x00000000c5800000|100%| E|CS|TAMS 0x00000000c5700000, 0x00000000c5700000| Complete 
|  60|0x00000000c5800000, 0x00000000c5900000, 0x00000000c5900000|100%| E|CS|TAMS 0x00000000c5800000, 0x00000000c5800000| Complete 
|  61|0x00000000c5900000, 0x00000000c5a00000, 0x00000000c5a00000|100%| E|CS|TAMS 0x00000000c5900000, 0x00000000c5900000| Complete 
|  62|0x00000000c5a00000, 0x00000000c5b00000, 0x00000000c5b00000|100%| E|CS|TAMS 0x00000000c5a00000, 0x00000000c5a00000| Complete 
|  63|0x00000000c5b00000, 0x00000000c5c00000, 0x00000000c5c00000|100%| E|CS|TAMS 0x00000000c5b00000, 0x00000000c5b00000| Complete 

Card table byte_map: [0x00000293f1610000,0x00000293f1810000] _byte_map_base: 0x00000293f1002000

Marking Bits (Prev, Next): (CMBitMap*) 0x00000293d9b02108, (CMBitMap*) 0x00000293d9b02148
 Prev Bits: [0x00000293f1a10000, 0x00000293f29a0000)
 Next Bits: [0x00000293f29a0000, 0x00000293f3930000)

Polling page: 0x00000293d7840000

Metaspace:

Usage:
  Non-class:     12.20 MB capacity,    10.63 MB ( 87%) used,     1.55 MB ( 13%) free+waste,    15.44 KB ( <1%) overhead. 
      Class:      1.68 MB capacity,     1.45 MB ( 86%) used,   234.67 KB ( 14%) free+waste,     7.13 KB ( <1%) overhead. 
       Both:     13.88 MB capacity,    12.08 MB ( 87%) used,     1.78 MB ( 13%) free+waste,    22.56 KB ( <1%) overhead. 

Virtual space:
  Non-class space:       14.00 MB reserved,      12.25 MB ( 88%) committed 
      Class space:        1.00 GB reserved,       1.75 MB ( <1%) committed 
             Both:        1.01 GB reserved,      14.00 MB (  1%) committed 

Chunk freelists:
   Non-Class:  54.00 KB
       Class:  6.00 KB
        Both:  60.00 KB

MaxMetaspaceSize: 17179869184.00 GB
CompressedClassSpaceSize: 1.00 GB

CodeHeap 'non-profiled nmethods': size=120000Kb used=741Kb max_used=741Kb free=119258Kb
 bounds [0x00000293e9aa0000, 0x00000293e9d10000, 0x00000293f0fd0000]
CodeHeap 'profiled nmethods': size=120000Kb used=4778Kb max_used=4778Kb free=115221Kb
 bounds [0x00000293e2570000, 0x00000293e2a20000, 0x00000293e9aa0000]
CodeHeap 'non-nmethods': size=5760Kb used=1179Kb max_used=1193Kb free=4581Kb
 bounds [0x00000293e1fd0000, 0x00000293e2240000, 0x00000293e2570000]
 total_blobs=3306 nmethods=2171 adapters=339
 compilation: enabled
              stopped_count=0, restarted_count=0
 full_count=0

Compilation events (20 events):
Event: 1.702 Thread 0x00000293f633a800 2013       3       java.lang.reflect.Field::get (29 bytes)
Event: 1.703 Thread 0x00000293f633a800 nmethod 2013 0x00000293e299e710 code [0x00000293e299e920, 0x00000293e299ef40]
Event: 1.703 Thread 0x00000293f633a800 2014       3       jdk.internal.reflect.UnsafeObjectFieldAccessorImpl::get (17 bytes)
Event: 1.703 Thread 0x00000293f633a800 nmethod 2014 0x00000293e299f110 code [0x00000293e299f320, 0x00000293e299fc20]
Event: 1.703 Thread 0x00000293f633a800 2018       3       org.apache.maven.model.interpolation.StringSearchModelInterpolator$InterpolateObjectAction$StringField::doInterpolate (44 bytes)
Event: 1.704 Thread 0x00000293f633a800 nmethod 2018 0x00000293e299ff10 code [0x00000293e29a0180, 0x00000293e29a0b20]
Event: 1.704 Thread 0x00000293f633a800 2012       3       java.lang.String::indexOf (113 bytes)
Event: 1.705 Thread 0x00000293f633a800 nmethod 2012 0x00000293e29a0f10 code [0x00000293e29a11a0, 0x00000293e29a1c30]
Event: 1.705 Thread 0x00000293f633a800 2015       1       org.apache.maven.model.interpolation.StringSearchModelInterpolator$InterpolateObjectAction$CacheItem::isArray (5 bytes)
Event: 1.705 Thread 0x00000293f633a800 nmethod 2015 0x00000293e9b4f190 code [0x00000293e9b4f320, 0x00000293e9b4f458]
Event: 1.705 Thread 0x00000293f633a800 2016       1       org.apache.maven.model.interpolation.StringSearchModelInterpolator$InterpolateObjectAction$CacheItem::access$000 (5 bytes)
Event: 1.705 Thread 0x00000293f633a800 nmethod 2016 0x00000293e9b4f510 code [0x00000293e9b4f6a0, 0x00000293e9b4f798]
Event: 1.705 Thread 0x00000293f633a800 2017       1       org.apache.maven.model.interpolation.StringSearchModelInterpolator$InterpolateObjectAction::access$500 (5 bytes)
Event: 1.705 Thread 0x00000293f633a800 nmethod 2017 0x00000293e9b4f810 code [0x00000293e9b4f9a0, 0x00000293e9b4fa98]
Event: 1.705 Thread 0x00000293f633a800 2008       1       org.apache.maven.model.Plugin::getGroupId (5 bytes)
Event: 1.705 Thread 0x00000293f633a800 nmethod 2008 0x00000293e9b4fb10 code [0x00000293e9b4fca0, 0x00000293e9b4fdd8]
Event: 1.705 Thread 0x00000293f633a800 2019       1       java.util.LinkedList::size (5 bytes)
Event: 1.705 Thread 0x00000293f633a800 nmethod 2019 0x00000293e9b4fe90 code [0x00000293e9b50020, 0x00000293e9b50158]
Event: 1.714 Thread 0x00000293f6336000 nmethod 1996 0x00000293e9b50210 code [0x00000293e9b50480, 0x00000293e9b51138]
Event: 1.714 Thread 0x00000293f6336000 1998       4       org.codehaus.plexus.util.xml.pull.MXParser::parseStartTag (1195 bytes)

GC Heap History (4 events):
Event: 0.508 GC heap before
{Heap before GC invocations=0 (full 0):
 garbage-first heap   total 65536K, used 23552K [0x00000000c1c00000, 0x0000000100000000)
  region size 1024K, 24 young (24576K), 0 survivors (0K)
 Metaspace       used 4782K, capacity 7493K, committed 7552K, reserved 1056768K
  class space    used 596K, capacity 884K, committed 896K, reserved 1048576K
}
Event: 0.516 GC heap after
{Heap after GC invocations=1 (full 0):
 garbage-first heap   total 65536K, used 3344K [0x00000000c1c00000, 0x0000000100000000)
  region size 1024K, 3 young (3072K), 3 survivors (3072K)
 Metaspace       used 4782K, capacity 7493K, committed 7552K, reserved 1056768K
  class space    used 596K, capacity 884K, committed 896K, reserved 1048576K
}
Event: 1.269 GC heap before
{Heap before GC invocations=1 (full 0):
 garbage-first heap   total 65536K, used 39184K [0x00000000c1c00000, 0x0000000100000000)
  region size 1024K, 38 young (38912K), 3 survivors (3072K)
 Metaspace       used 10440K, capacity 12434K, committed 12672K, reserved 1060864K
  class space    used 1300K, capacity 1555K, committed 1664K, reserved 1048576K
}
Event: 1.283 GC heap after
{Heap after GC invocations=2 (full 0):
 garbage-first heap   total 65536K, used 5438K [0x00000000c1c00000, 0x0000000100000000)
  region size 1024K, 3 young (3072K), 3 survivors (3072K)
 Metaspace       used 10440K, capacity 12434K, committed 12672K, reserved 1060864K
  class space    used 1300K, capacity 1555K, committed 1664K, reserved 1048576K
}

Deoptimization events (20 events):
Event: 1.419 Thread 0x00000293d9ace800 DEOPT PACKING pc=0x00000293e9b42518 sp=0x000000ebecffe530
Event: 1.419 Thread 0x00000293d9ace800 DEOPT UNPACKING pc=0x00000293e201912f sp=0x000000ebecffe4f0 mode 2
Event: 1.490 Thread 0x00000293d9ace800 Uncommon trap: trap_request=0xffffff45 fr.pc=0x00000293e9b15de8 relative=0x00000000000005a8
Event: 1.490 Thread 0x00000293d9ace800 Uncommon trap: reason=unstable_if action=reinterpret pc=0x00000293e9b15de8 method=java.lang.String.replace(CC)Ljava/lang/String; @ 2 c2
Event: 1.490 Thread 0x00000293d9ace800 DEOPT PACKING pc=0x00000293e9b15de8 sp=0x000000ebecffd680
Event: 1.490 Thread 0x00000293d9ace800 DEOPT UNPACKING pc=0x00000293e201912f sp=0x000000ebecffd630 mode 2
Event: 1.576 Thread 0x00000293d9ace800 DEOPT PACKING pc=0x00000293e296d8f6 sp=0x000000ebecffd720
Event: 1.576 Thread 0x00000293d9ace800 DEOPT UNPACKING pc=0x00000293e201964e sp=0x000000ebecffccd0 mode 0
Event: 1.672 Thread 0x00000293d9ace800 Uncommon trap: trap_request=0xffffff45 fr.pc=0x00000293e9ab0284 relative=0x0000000000000164
Event: 1.672 Thread 0x00000293d9ace800 Uncommon trap: reason=unstable_if action=reinterpret pc=0x00000293e9ab0284 method=java.lang.StringCoding.hasNegatives([BII)Z @ 12 c2
Event: 1.672 Thread 0x00000293d9ace800 DEOPT PACKING pc=0x00000293e9ab0284 sp=0x000000ebecffd590
Event: 1.672 Thread 0x00000293d9ace800 DEOPT UNPACKING pc=0x00000293e201912f sp=0x000000ebecffd520 mode 2
Event: 1.688 Thread 0x00000293d9ace800 Uncommon trap: trap_request=0xffffff45 fr.pc=0x00000293e9ae4fac relative=0x00000000000002cc
Event: 1.688 Thread 0x00000293d9ace800 Uncommon trap: reason=unstable_if action=reinterpret pc=0x00000293e9ae4fac method=sun.nio.cs.UTF_8$Decoder.decodeArrayLoop(Ljava/nio/ByteBuffer;Ljava/nio/CharBuffer;)Ljava/nio/charset/CoderResult; @ 84 c2
Event: 1.688 Thread 0x00000293d9ace800 DEOPT PACKING pc=0x00000293e9ae4fac sp=0x000000ebecffd360
Event: 1.688 Thread 0x00000293d9ace800 DEOPT UNPACKING pc=0x00000293e201912f sp=0x000000ebecffd2a0 mode 2
Event: 1.690 Thread 0x00000293d9ace800 DEOPT PACKING pc=0x00000293e296d8f6 sp=0x000000ebecffd3d0
Event: 1.690 Thread 0x00000293d9ace800 DEOPT UNPACKING pc=0x00000293e201964e sp=0x000000ebecffc980 mode 0
Event: 1.692 Thread 0x00000293d9ace800 DEOPT PACKING pc=0x00000293e296d8f6 sp=0x000000ebecffd370
Event: 1.692 Thread 0x00000293d9ace800 DEOPT UNPACKING pc=0x00000293e201964e sp=0x000000ebecffc920 mode 0

Classes unloaded (0 events):
No events

Classes redefined (0 events):
No events

Internal exceptions (5 events):
Event: 0.193 Thread 0x00000293d9ace800 Exception <a 'java/lang/NoSuchMethodError'{0x00000000c56c4248}: 'int java.lang.invoke.DirectMethodHandle$Holder.invokeSpecialIFC(java.lang.Object, java.lang.Object, int)'> (0x00000000c56c4248) 
thrown [t:/workspace/open/src/hotspot/share/interpreter/linkResolver.cpp, line 767]
Event: 1.043 Thread 0x00000293d9ace800 Exception <a 'java/lang/NoClassDefFoundError'{0x00000000c3b6da40}: com/google/inject/servlet/ServletModuleTargetVisitor> (0x00000000c3b6da40) 
thrown [t:/workspace/open/src/hotspot/share/classfile/systemDictionary.cpp, line 221]
Event: 1.044 Thread 0x00000293d9ace800 Exception <a 'java/lang/NoClassDefFoundError'{0x00000000c3b708b8}: javax/annotation/Priority> (0x00000000c3b708b8) 
thrown [t:/workspace/open/src/hotspot/share/classfile/systemDictionary.cpp, line 221]
Event: 1.193 Thread 0x00000293d9ace800 Exception <a 'java/lang/NoSuchMethodError'{0x00000000c377e888}: 'java.lang.Object java.lang.invoke.DirectMethodHandle$Holder.invokeStaticInit(java.lang.Object, int, int, int, int)'> (0x00000000c377e888) 
thrown [t:/workspace/open/src/hotspot/share/interpreter/linkResolver.cpp, line 767]
Event: 1.419 Thread 0x00000293d9ace800 Implicit null exception at 0x00000293e9b4241d to 0x00000293e9b42506

Events (20 events):
Event: 1.582 loading class org/eclipse/aether/version/VersionConstraint
Event: 1.582 loading class org/eclipse/aether/version/VersionConstraint done
Event: 1.582 loading class org/eclipse/aether/util/version/GenericVersionConstraint
Event: 1.582 loading class org/eclipse/aether/util/version/GenericVersionConstraint done
Event: 1.583 loading class org/eclipse/aether/util/version/GenericVersion
Event: 1.583 loading class org/eclipse/aether/util/version/GenericVersion done
Event: 1.584 loading class org/eclipse/aether/util/version/GenericVersion$Tokenizer
Event: 1.584 loading class org/eclipse/aether/util/version/GenericVersion$Tokenizer done
Event: 1.586 loading class org/eclipse/aether/util/version/GenericVersion$Item
Event: 1.586 loading class org/eclipse/aether/util/version/GenericVersion$Item done
Event: 1.689 loading class org/apache/maven/model/Site
Event: 1.689 loading class org/apache/maven/model/Site done
Event: 1.693 loading class org/apache/maven/model/ActivationFile
Event: 1.693 loading class org/apache/maven/model/ActivationFile done
Event: 1.701 loading class jdk/internal/reflect/UnsafeQualifiedObjectFieldAccessorImpl
Event: 1.726 loading class jdk/internal/reflect/UnsafeQualifiedFieldAccessorImpl
Event: 1.740 loading class jdk/internal/reflect/UnsafeQualifiedFieldAccessorImpl done
Event: 1.740 loading class jdk/internal/reflect/UnsafeQualifiedObjectFieldAccessorImpl done
Event: 1.741 loading class jdk/internal/reflect/UnsafeQualifiedStaticObjectFieldAccessorImpl
Event: 1.765 loading class jdk/internal/reflect/UnsafeQualifiedStaticFieldAccessorImpl


Dynamic libraries:
0x00007ff6e26f0000 - 0x00007ff6e26ff000 	C:\Program Files\Java\jdk-13.0.1\bin\java.exe
0x00007ffbb7040000 - 0x00007ffbb7230000 	C:\WINDOWS\SYSTEM32\ntdll.dll
0x00007ffbb5c70000 - 0x00007ffbb5d22000 	C:\WINDOWS\System32\KERNEL32.DLL
0x00007ffbb4090000 - 0x00007ffbb4335000 	C:\WINDOWS\System32\KERNELBASE.dll
0x00007ffbb4ed0000 - 0x00007ffbb4fca000 	C:\WINDOWS\System32\ucrtbase.dll
0x00007ffba7c30000 - 0x00007ffba7c48000 	C:\Program Files\Java\jdk-13.0.1\bin\jli.dll
0x00007ffbadd30000 - 0x00007ffbadd45000 	C:\Program Files\Java\jdk-13.0.1\bin\VCRUNTIME140.dll
0x00007ffbb5da0000 - 0x00007ffbb5e43000 	C:\WINDOWS\System32\ADVAPI32.dll
0x00007ffbb5e50000 - 0x00007ffbb5eee000 	C:\WINDOWS\System32\msvcrt.dll
0x00007ffbb6280000 - 0x00007ffbb6317000 	C:\WINDOWS\System32\sechost.dll
0x00007ffbb5ae0000 - 0x00007ffbb5bff000 	C:\WINDOWS\System32\RPCRT4.dll
0x00007ffbb5120000 - 0x00007ffbb52b4000 	C:\WINDOWS\System32\USER32.dll
0x00007ffbb4060000 - 0x00007ffbb4081000 	C:\WINDOWS\System32\win32u.dll
0x00007ffbb5f20000 - 0x00007ffbb5f46000 	C:\WINDOWS\System32\GDI32.dll
0x00007ffb9f970000 - 0x00007ffb9fbf4000 	C:\WINDOWS\WinSxS\amd64_microsoft.windows.common-controls_6595b64144ccf1df_6.0.18362.1379_none_9e7ff3b3e45cc0c4\COMCTL32.dll
0x00007ffbb4340000 - 0x00007ffbb44d8000 	C:\WINDOWS\System32\gdi32full.dll
0x00007ffbb6960000 - 0x00007ffbb6c97000 	C:\WINDOWS\System32\combase.dll
0x00007ffbb3fc0000 - 0x00007ffbb405e000 	C:\WINDOWS\System32\msvcp_win.dll
0x00007ffbb4fd0000 - 0x00007ffbb5051000 	C:\WINDOWS\System32\bcryptPrimitives.dll
0x00007ffbae8a0000 - 0x00007ffbae8aa000 	C:\WINDOWS\SYSTEM32\VERSION.dll
0x00007ffbb50f0000 - 0x00007ffbb511e000 	C:\WINDOWS\System32\IMM32.DLL
0x00007ffb9ed10000 - 0x00007ffb9edab000 	C:\Program Files\Java\jdk-13.0.1\bin\msvcp140.dll
0x00007ffb541b0000 - 0x00007ffb54d16000 	C:\Program Files\Java\jdk-13.0.1\bin\server\jvm.dll
0x00007ffbb5f50000 - 0x00007ffbb5f58000 	C:\WINDOWS\System32\PSAPI.DLL
0x00007ffbaa310000 - 0x00007ffbaa334000 	C:\WINDOWS\SYSTEM32\WINMM.dll
0x00007ffbae210000 - 0x00007ffbae219000 	C:\WINDOWS\SYSTEM32\WSOCK32.dll
0x00007ffbb5c00000 - 0x00007ffbb5c6f000 	C:\WINDOWS\System32\WS2_32.dll
0x00007ffbaa2c0000 - 0x00007ffbaa2ed000 	C:\WINDOWS\SYSTEM32\WINMMBASE.dll
0x00007ffbb4630000 - 0x00007ffbb467a000 	C:\WINDOWS\System32\cfgmgr32.dll
0x00007ffbb3fa0000 - 0x00007ffbb3fb1000 	C:\WINDOWS\System32\kernel.appcore.dll
0x00007ffbad570000 - 0x00007ffbad580000 	C:\Program Files\Java\jdk-13.0.1\bin\verify.dll
0x00007ffbb1c70000 - 0x00007ffbb1e64000 	C:\WINDOWS\SYSTEM32\DBGHELP.DLL
0x00007ffbad8f0000 - 0x00007ffbad91a000 	C:\WINDOWS\SYSTEM32\dbgcore.DLL
0x00007ffba76f0000 - 0x00007ffba7716000 	C:\Program Files\Java\jdk-13.0.1\bin\java.dll
0x00007ffba7ea0000 - 0x00007ffba7eb7000 	C:\Program Files\Java\jdk-13.0.1\bin\zip.dll
0x00007ffbad510000 - 0x00007ffbad51a000 	C:\Program Files\Java\jdk-13.0.1\bin\jimage.dll
0x00007ffbb53f0000 - 0x00007ffbb5ad8000 	C:\WINDOWS\System32\SHELL32.dll
0x00007ffbb5340000 - 0x00007ffbb53e7000 	C:\WINDOWS\System32\shcore.dll
0x00007ffbb46a0000 - 0x00007ffbb4e1b000 	C:\WINDOWS\System32\windows.storage.dll
0x00007ffbb3f50000 - 0x00007ffbb3f73000 	C:\WINDOWS\System32\profapi.dll
0x00007ffbb3f00000 - 0x00007ffbb3f4a000 	C:\WINDOWS\System32\powrprof.dll
0x00007ffbb3ef0000 - 0x00007ffbb3f00000 	C:\WINDOWS\System32\UMPDC.dll
0x00007ffbb6030000 - 0x00007ffbb6082000 	C:\WINDOWS\System32\shlwapi.dll
0x00007ffbb4680000 - 0x00007ffbb4697000 	C:\WINDOWS\System32\cryptsp.dll
0x00007ffba7e70000 - 0x00007ffba7e89000 	C:\Program Files\Java\jdk-13.0.1\bin\net.dll
0x00007ffbac010000 - 0x00007ffbac100000 	C:\WINDOWS\SYSTEM32\WINHTTP.dll
0x00007ffbb36d0000 - 0x00007ffbb3737000 	C:\WINDOWS\system32\mswsock.dll
0x00007ffba7be0000 - 0x00007ffba7bf3000 	C:\Program Files\Java\jdk-13.0.1\bin\nio.dll

dbghelp: loaded successfully - version: 4.0.5 - missing functions: none
symbol engine: initialized successfully - sym options: 0x614 - pdb path: .;C:\Program Files\Java\jdk-13.0.1\bin;C:\WINDOWS\SYSTEM32;C:\WINDOWS\WinSxS\amd64_microsoft.windows.common-controls_6595b64144ccf1df_6.0.18362.1379_none_9e7ff3b3e45cc0c4;C:\Program Files\Java\jdk-13.0.1\bin\server

VM Arguments:
jvm_args: -Dclassworlds.conf=C:\Program Files\NetBeans-11.2\netbeans\java\maven\bin\m2.conf -Dmaven.home=C:\Program Files\NetBeans-11.2\netbeans\java\maven -Dmaven.multiModuleProjectDirectory=C:\Users\kira\OneDrive\Dokumenty\NetBeansProjects\ChessGame_2021 
java_command: org.codehaus.plexus.classworlds.launcher.Launcher -Dexec.args=-classpath %classpath cz.cvut.fel.pjv.view.Game -Dexec.executable=C:\Program Files\Java\jdk-13.0.1\bin\java.exe -Dmaven.ext.class.path=C:\Program Files\NetBeans-11.2\netbeans\java\maven-nblib\netbeans-eventspy.jar -Dfile.encoding=UTF-8 org.codehaus.mojo:exec-maven-plugin:1.5.0:exec
java_class_path (initial): C:\Program Files\NetBeans-11.2\netbeans\java\maven\boot\plexus-classworlds-2.5.2.jar
Launcher Type: SUN_STANDARD

[Global flags]
     intx CICompilerCount                          = 4                                         {product} {ergonomic}
     uint ConcGCThreads                            = 2                                         {product} {ergonomic}
     uint G1ConcRefinementThreads                  = 8                                         {product} {ergonomic}
   size_t G1HeapRegionSize                         = 1048576                                   {product} {ergonomic}
    uintx GCDrainStackTargetSize                   = 64                                        {product} {ergonomic}
   size_t InitialHeapSize                          = 67108864                                  {product} {ergonomic}
   size_t MarkStackSize                            = 4194304                                   {product} {ergonomic}
   size_t MaxHeapSize                              = 1044381696                                {product} {ergonomic}
   size_t MaxNewSize                               = 625999872                                 {product} {ergonomic}
   size_t MinHeapDeltaBytes                        = 1048576                                   {product} {ergonomic}
   size_t MinHeapSize                              = 8388608                                   {product} {ergonomic}
    uintx NonNMethodCodeHeapSize                   = 5836300                                {pd product} {ergonomic}
    uintx NonProfiledCodeHeapSize                  = 122910970                              {pd product} {ergonomic}
    uintx ProfiledCodeHeapSize                     = 122910970                              {pd product} {ergonomic}
    uintx ReservedCodeCacheSize                    = 251658240                              {pd product} {ergonomic}
     bool SegmentedCodeCache                       = true                                      {product} {ergonomic}
   size_t SoftMaxHeapSize                          = 1044381696                             {manageable} {ergonomic}
     bool UseCompressedClassPointers               = true                                 {lp64_product} {ergonomic}
     bool UseCompressedOops                        = true                                 {lp64_product} {ergonomic}
     bool UseG1GC                                  = true                                      {product} {ergonomic}
     bool UseLargePagesIndividualAllocation        = false                                  {pd product} {ergonomic}

Logging:
Log output configuration:
 #0: stdout all=warning uptime,level,tags
 #1: stderr all=off uptime,level,tags

Environment Variables:
JAVA_HOME=C:\Program Files\Java\jdk-13.0.1
PATH=C:\Program Files (x86)\Intel\iCLS Client\;C:\Program Files\Intel\iCLS Client\;C:\WINDOWS\system32;C:\WINDOWS;C:\WINDOWS\System32\Wbem;C:\WINDOWS\System32\WindowsPowerShell\v1.0\;C:\WINDOWS\System32\OpenSSH\;C:\Program Files (x86)\Intel\Intel(R) Management Engine Components\DAL;C:\Program Files\Intel\Intel(R) Management Engine Components\DAL;C:\Program Files (x86)\Intel\Intel(R) Management Engine Components\IPT;C:\Program Files\Intel\Intel(R) Management Engine Components\IPT;C:\Program Files\Intel\WiFi\bin\;C:\Program Files\Common Files\Intel\WirelessCommon\;C:\Program Files\GCC\bin;C:\Program Files\Java\jdk-13.0.1\bin;C:\Program Files\Git\cmd;C:\Program Files\OpenVPN\bin;C:\Program Files\CMake\bin;C:\Users\kira\AppData\Local\Programs\Python\Python37\Scripts\;C:\Users\kira\AppData\Local\Programs\Python\Python37\;C:\Users\kira\AppData\Local\Microsoft\WindowsApps;C:\Program Files\JetBrains\PyCharm 2019.2.3\bin;;C:\Program Files\JetBrains\PhpStorm 2019.3.1\bin;;C:\Program Files\JetBrains\IntelliJ IDEA Community Edition 2019.3.3\bin;;C:\Program Files\apache-maven-3.6.3\bin;C:\Program Files (x86)\Dr. Memory\bin\;C:\Program Files (x86)\Dr. Memory\bin64;
USERNAME=kira
OS=Windows_NT
PROCESSOR_IDENTIFIER=Intel64 Family 6 Model 142 Stepping 10, GenuineIntel



---------------  S Y S T E M  ---------------

OS: Windows 10 , 64 bit Build 18362 (10.0.18362.1350)

CPU:total 8 (initial active 8) (4 cores per cpu, 2 threads per core) family 6 model 142 stepping 10, cmov, cx8, fxsr, mmx, sse, sse2, sse3, ssse3, sse4.1, sse4.2, popcnt, avx, avx2, aes, clmul, erms, 3dnowpref, lzcnt, ht, tsc, tscinvbit, bmi1, bmi2, adx, fma

Memory: 4k page, system-wide physical 3978M (293M free)
TotalPageFile size 16266M (AvailPageFile size 0M)
current process WorkingSet (physical memory assigned to process): 105M, peak: 105M
current process commit charge ("private bytes"): 172M, peak: 172M

vm_info: Java HotSpot(TM) 64-Bit Server VM (13.0.1+9) for windows-amd64 JRE (13.0.1+9), built on Oct  6 2019 12:37:49 by "mach5one" with unknown MS VC++:1916

END.
