#
# There is insufficient memory for the Java Runtime Environment to continue.
# Native memory allocation (malloc) failed to allocate 32744 bytes for ChunkPool::allocate
# Possible reasons:
#   The system is out of physical RAM or swap space
#   The process is running with CompressedOops enabled, and the Java Heap may be blocking the growth of the native heap
# Possible solutions:
#   Reduce memory load on the system
#   Increase physical memory or swap space
#   Check if swap backing store is full
#   Decrease Java heap size (-Xmx/-Xms)
#   Decrease number of Java threads
#   Decrease Java thread stack sizes (-Xss)
#   Set larger code cache with -XX:ReservedCodeCacheSize=
#   JVM is running with Unscaled Compressed Oops mode in which the Java heap is
#     placed in the first 4GB address space. The Java Heap base address is the
#     maximum limit for the native heap growth. Please use -XX:HeapBaseMinAddress
#     to set the Java Heap base and to place the Java Heap above 4GB virtual address.
# This output file may be truncated or incomplete.
#
#  Out of Memory Error (t:/workspace/open/src/hotspot/share/memory/arena.cpp:80), pid=14756, tid=24396
#
# JRE version: Java(TM) SE Runtime Environment (13.0.1+9) (build 13.0.1+9)
# Java VM: Java HotSpot(TM) 64-Bit Server VM (13.0.1+9, mixed mode, sharing, tiered, compressed oops, g1 gc, windows-amd64)
# No core dump will be written. Minidumps are not enabled by default on client versions of Windows
#

---------------  S U M M A R Y ------------

Command Line: -Dclassworlds.conf=C:\Program Files\NetBeans-11.2\netbeans\java\maven\bin\m2.conf -Dmaven.home=C:\Program Files\NetBeans-11.2\netbeans\java\maven -Dmaven.multiModuleProjectDirectory=C:\Users\kira\OneDrive\Dokumenty\NetBeansProjects\ChessGame_2021 org.codehaus.plexus.classworlds.launcher.Launcher -Dmaven.ext.class.path=C:\Program Files\NetBeans-11.2\netbeans\java\maven-nblib\netbeans-eventspy.jar -Dfile.encoding=UTF-8 install

Host: Intel(R) Core(TM) i5-8250U CPU @ 1.60GHz, 8 cores, 3G,  Windows 10 , 64 bit Build 18362 (10.0.18362.1350)
Time: Tue Mar  2 22:06:02 2021  elapsed time: 2 seconds (0d 0h 0m 2s)

---------------  T H R E A D  ---------------

Current thread (0x0000011efb297000):  JavaThread "C2 CompilerThread0" daemon [_thread_in_native, id=24396, stack(0x000000192a000000,0x000000192a100000)]


Current CompileTask:
C2:   2511 2934       4       org.eclipse.sisu.plexus.RealmFilteredBeans$FilteredItr::hasNext (81 bytes)

Stack: [0x000000192a000000,0x000000192a100000]
Native frames: (J=compiled Java code, j=interpreted, Vv=VM code, C=native code)
V  [jvm.dll+0x626eca]
V  [jvm.dll+0x772c6a]
V  [jvm.dll+0x77441f]
V  [jvm.dll+0x774a23]
V  [jvm.dll+0x24da58]
V  [jvm.dll+0xc3d16]
V  [jvm.dll+0xc406c]
V  [jvm.dll+0x3633f8]
V  [jvm.dll+0x362991]
V  [jvm.dll+0x3629d4]
V  [jvm.dll+0x52c2f6]
V  [jvm.dll+0x52bfbf]
V  [jvm.dll+0x3295c2]
V  [jvm.dll+0x32896a]
V  [jvm.dll+0x2078c7]
V  [jvm.dll+0x206adf]
V  [jvm.dll+0x18b94c]
V  [jvm.dll+0x2159bd]
V  [jvm.dll+0x213e6b]
V  [jvm.dll+0x738b16]
V  [jvm.dll+0x731c0a]
V  [jvm.dll+0x6260c6]
C  [ucrtbase.dll+0x210b2]
C  [KERNEL32.DLL+0x17c24]
C  [ntdll.dll+0x6d721]


---------------  P R O C E S S  ---------------

Threads class SMR info:
_java_thread_list=0x0000011efbd37d00, length=10, elements={
0x0000011edca92800, 0x0000011edcb5e800, 0x0000011efb278800, 0x0000011efb294000,
0x0000011efb296000, 0x0000011efb297000, 0x0000011efb298000, 0x0000011efb29b000,
0x0000011efbd4c800, 0x0000011efbd45800
}

Java Threads: ( => current thread )
  0x0000011edca92800 JavaThread "main" [_thread_in_native, id=11892, stack(0x0000001929500000,0x0000001929600000)]
  0x0000011edcb5e800 JavaThread "Reference Handler" daemon [_thread_blocked, id=35128, stack(0x0000001929c00000,0x0000001929d00000)]
  0x0000011efb278800 JavaThread "Finalizer" daemon [_thread_blocked, id=32792, stack(0x0000001929d00000,0x0000001929e00000)]
  0x0000011efb294000 JavaThread "Signal Dispatcher" daemon [_thread_blocked, id=29680, stack(0x0000001929e00000,0x0000001929f00000)]
  0x0000011efb296000 JavaThread "Attach Listener" daemon [_thread_blocked, id=20116, stack(0x0000001929f00000,0x000000192a000000)]
=>0x0000011efb297000 JavaThread "C2 CompilerThread0" daemon [_thread_in_native, id=24396, stack(0x000000192a000000,0x000000192a100000)]
  0x0000011efb298000 JavaThread "C1 CompilerThread0" daemon [_thread_blocked, id=30064, stack(0x000000192a100000,0x000000192a200000)]
  0x0000011efb29b000 JavaThread "Sweeper thread" daemon [_thread_blocked, id=43324, stack(0x000000192a200000,0x000000192a300000)]
  0x0000011efbd4c800 JavaThread "Service Thread" daemon [_thread_blocked, id=42992, stack(0x000000192a300000,0x000000192a400000)]
  0x0000011efbd45800 JavaThread "Common-Cleaner" daemon [_thread_blocked, id=34176, stack(0x000000192a500000,0x000000192a600000)]

Other Threads:
  0x0000011edcb5d800 VMThread "VM Thread" [stack: 0x0000001929b00000,0x0000001929c00000] [id=22272]
  0x0000011efbd41000 WatcherThread [stack: 0x000000192a400000,0x000000192a500000] [id=13724]
  0x0000011edcac3000 GCTaskThread "GC Thread#0" [stack: 0x0000001929600000,0x0000001929700000] [id=39528]
  0x0000011efc4e2800 GCTaskThread "GC Thread#1" [stack: 0x000000192a600000,0x000000192a700000] [id=44636]
  0x0000011edcacd000 ConcurrentGCThread "G1 Main Marker" [stack: 0x0000001929700000,0x0000001929800000] [id=17104]
  0x0000011edcacf000 ConcurrentGCThread "G1 Conc#0" [stack: 0x0000001929800000,0x0000001929900000] [id=37292]
  0x0000011edcb36800 ConcurrentGCThread "G1 Refine#0" [stack: 0x0000001929900000,0x0000001929a00000] [id=30868]
  0x0000011edcb38800 ConcurrentGCThread "G1 Young RemSet Sampling" [stack: 0x0000001929a00000,0x0000001929b00000] [id=27360]

Threads with active compile tasks:
C2 CompilerThread0     3452 2934       4       org.eclipse.sisu.plexus.RealmFilteredBeans$FilteredItr::hasNext (81 bytes)

VM state:not at safepoint (normal execution)

VM Mutex/Monitor currently owned by a thread: None

Heap address: 0x00000000c1c00000, size: 996 MB, Compressed Oops mode: 32-bit
Narrow klass base: 0x0000000800000000, Narrow klass shift: 3
Compressed class space size: 1073741824 Address: 0x0000000800b40000

Heap:
 garbage-first heap   total 65536K, used 20795K [0x00000000c1c00000, 0x0000000100000000)
  region size 1024K, 19 young (19456K), 5 survivors (5120K)
 Metaspace       used 13497K, capacity 15171K, committed 15488K, reserved 1062912K
  class space    used 1573K, capacity 1828K, committed 1920K, reserved 1048576K
Heap Regions: E=young(eden), S=young(survivor), O=old, HS=humongous(starts), HC=humongous(continues), CS=collection set, F=free, A=archive, TAMS=top-at-mark-start (previous, next)
|   0|0x00000000c1c00000, 0x00000000c1d00000, 0x00000000c1d00000|100%| O|  |TAMS 0x00000000c1c00000, 0x00000000c1c00000| Untracked 
|   1|0x00000000c1d00000, 0x00000000c1e00000, 0x00000000c1e00000|100%| O|  |TAMS 0x00000000c1d00000, 0x00000000c1d00000| Untracked 
|   2|0x00000000c1e00000, 0x00000000c1f00000, 0x00000000c1f00000|100%| O|  |TAMS 0x00000000c1e00000, 0x00000000c1e00000| Untracked 
|   3|0x00000000c1f00000, 0x00000000c1f19a00, 0x00000000c2000000| 10%| O|  |TAMS 0x00000000c1f00000, 0x00000000c1f00000| Untracked 
|   4|0x00000000c2000000, 0x00000000c2000000, 0x00000000c2100000|  0%| F|  |TAMS 0x00000000c2000000, 0x00000000c2000000| Untracked 
|   5|0x00000000c2100000, 0x00000000c2100000, 0x00000000c2200000|  0%| F|  |TAMS 0x00000000c2100000, 0x00000000c2100000| Untracked 
|   6|0x00000000c2200000, 0x00000000c2200000, 0x00000000c2300000|  0%| F|  |TAMS 0x00000000c2200000, 0x00000000c2200000| Untracked 
|   7|0x00000000c2300000, 0x00000000c2300000, 0x00000000c2400000|  0%| F|  |TAMS 0x00000000c2300000, 0x00000000c2300000| Untracked 
|   8|0x00000000c2400000, 0x00000000c2400000, 0x00000000c2500000|  0%| F|  |TAMS 0x00000000c2400000, 0x00000000c2400000| Untracked 
|   9|0x00000000c2500000, 0x00000000c2500000, 0x00000000c2600000|  0%| F|  |TAMS 0x00000000c2500000, 0x00000000c2500000| Untracked 
|  10|0x00000000c2600000, 0x00000000c2600000, 0x00000000c2700000|  0%| F|  |TAMS 0x00000000c2600000, 0x00000000c2600000| Untracked 
|  11|0x00000000c2700000, 0x00000000c2700000, 0x00000000c2800000|  0%| F|  |TAMS 0x00000000c2700000, 0x00000000c2700000| Untracked 
|  12|0x00000000c2800000, 0x00000000c2800000, 0x00000000c2900000|  0%| F|  |TAMS 0x00000000c2800000, 0x00000000c2800000| Untracked 
|  13|0x00000000c2900000, 0x00000000c2900000, 0x00000000c2a00000|  0%| F|  |TAMS 0x00000000c2900000, 0x00000000c2900000| Untracked 
|  14|0x00000000c2a00000, 0x00000000c2a00000, 0x00000000c2b00000|  0%| F|  |TAMS 0x00000000c2a00000, 0x00000000c2a00000| Untracked 
|  15|0x00000000c2b00000, 0x00000000c2b00000, 0x00000000c2c00000|  0%| F|  |TAMS 0x00000000c2b00000, 0x00000000c2b00000| Untracked 
|  16|0x00000000c2c00000, 0x00000000c2c00000, 0x00000000c2d00000|  0%| F|  |TAMS 0x00000000c2c00000, 0x00000000c2c00000| Untracked 
|  17|0x00000000c2d00000, 0x00000000c2d00000, 0x00000000c2e00000|  0%| F|  |TAMS 0x00000000c2d00000, 0x00000000c2d00000| Untracked 
|  18|0x00000000c2e00000, 0x00000000c2e00000, 0x00000000c2f00000|  0%| F|  |TAMS 0x00000000c2e00000, 0x00000000c2e00000| Untracked 
|  19|0x00000000c2f00000, 0x00000000c2f00000, 0x00000000c3000000|  0%| F|  |TAMS 0x00000000c2f00000, 0x00000000c2f00000| Untracked 
|  20|0x00000000c3000000, 0x00000000c3000000, 0x00000000c3100000|  0%| F|  |TAMS 0x00000000c3000000, 0x00000000c3000000| Untracked 
|  21|0x00000000c3100000, 0x00000000c3135208, 0x00000000c3200000| 20%| S|CS|TAMS 0x00000000c3100000, 0x00000000c3100000| Complete 
|  22|0x00000000c3200000, 0x00000000c3300000, 0x00000000c3300000|100%| S|CS|TAMS 0x00000000c3200000, 0x00000000c3200000| Complete 
|  23|0x00000000c3300000, 0x00000000c3300000, 0x00000000c3400000|  0%| F|  |TAMS 0x00000000c3300000, 0x00000000c3300000| Untracked 
|  24|0x00000000c3400000, 0x00000000c3400000, 0x00000000c3500000|  0%| F|  |TAMS 0x00000000c3400000, 0x00000000c3400000| Untracked 
|  25|0x00000000c3500000, 0x00000000c3500000, 0x00000000c3600000|  0%| F|  |TAMS 0x00000000c3500000, 0x00000000c3500000| Untracked 
|  26|0x00000000c3600000, 0x00000000c3700000, 0x00000000c3700000|100%| S|CS|TAMS 0x00000000c3600000, 0x00000000c3600000| Complete 
|  27|0x00000000c3700000, 0x00000000c3800000, 0x00000000c3800000|100%| S|CS|TAMS 0x00000000c3700000, 0x00000000c3700000| Complete 
|  28|0x00000000c3800000, 0x00000000c3900000, 0x00000000c3900000|100%| S|CS|TAMS 0x00000000c3800000, 0x00000000c3800000| Complete 
|  29|0x00000000c3900000, 0x00000000c3900000, 0x00000000c3a00000|  0%| F|  |TAMS 0x00000000c3900000, 0x00000000c3900000| Untracked 
|  30|0x00000000c3a00000, 0x00000000c3a00000, 0x00000000c3b00000|  0%| F|  |TAMS 0x00000000c3a00000, 0x00000000c3a00000| Untracked 
|  31|0x00000000c3b00000, 0x00000000c3b00000, 0x00000000c3c00000|  0%| F|  |TAMS 0x00000000c3b00000, 0x00000000c3b00000| Untracked 
|  32|0x00000000c3c00000, 0x00000000c3c00000, 0x00000000c3d00000|  0%| F|  |TAMS 0x00000000c3c00000, 0x00000000c3c00000| Untracked 
|  33|0x00000000c3d00000, 0x00000000c3d00000, 0x00000000c3e00000|  0%| F|  |TAMS 0x00000000c3d00000, 0x00000000c3d00000| Untracked 
|  34|0x00000000c3e00000, 0x00000000c3e00000, 0x00000000c3f00000|  0%| F|  |TAMS 0x00000000c3e00000, 0x00000000c3e00000| Untracked 
|  35|0x00000000c3f00000, 0x00000000c3f00000, 0x00000000c4000000|  0%| F|  |TAMS 0x00000000c3f00000, 0x00000000c3f00000| Untracked 
|  36|0x00000000c4000000, 0x00000000c4000000, 0x00000000c4100000|  0%| F|  |TAMS 0x00000000c4000000, 0x00000000c4000000| Untracked 
|  37|0x00000000c4100000, 0x00000000c4100000, 0x00000000c4200000|  0%| F|  |TAMS 0x00000000c4100000, 0x00000000c4100000| Untracked 
|  38|0x00000000c4200000, 0x00000000c4200000, 0x00000000c4300000|  0%| F|  |TAMS 0x00000000c4200000, 0x00000000c4200000| Untracked 
|  39|0x00000000c4300000, 0x00000000c4300000, 0x00000000c4400000|  0%| F|  |TAMS 0x00000000c4300000, 0x00000000c4300000| Untracked 
|  40|0x00000000c4400000, 0x00000000c4400000, 0x00000000c4500000|  0%| F|  |TAMS 0x00000000c4400000, 0x00000000c4400000| Untracked 
|  41|0x00000000c4500000, 0x00000000c4500000, 0x00000000c4600000|  0%| F|  |TAMS 0x00000000c4500000, 0x00000000c4500000| Untracked 
|  42|0x00000000c4600000, 0x00000000c4600000, 0x00000000c4700000|  0%| F|  |TAMS 0x00000000c4600000, 0x00000000c4600000| Untracked 
|  43|0x00000000c4700000, 0x00000000c4700000, 0x00000000c4800000|  0%| F|  |TAMS 0x00000000c4700000, 0x00000000c4700000| Untracked 
|  44|0x00000000c4800000, 0x00000000c4800000, 0x00000000c4900000|  0%| F|  |TAMS 0x00000000c4800000, 0x00000000c4800000| Untracked 
|  45|0x00000000c4900000, 0x00000000c4900000, 0x00000000c4a00000|  0%| F|  |TAMS 0x00000000c4900000, 0x00000000c4900000| Untracked 
|  46|0x00000000c4a00000, 0x00000000c4a00000, 0x00000000c4b00000|  0%| F|  |TAMS 0x00000000c4a00000, 0x00000000c4a00000| Untracked 
|  47|0x00000000c4b00000, 0x00000000c4b00000, 0x00000000c4c00000|  0%| F|  |TAMS 0x00000000c4b00000, 0x00000000c4b00000| Untracked 
|  48|0x00000000c4c00000, 0x00000000c4c00000, 0x00000000c4d00000|  0%| F|  |TAMS 0x00000000c4c00000, 0x00000000c4c00000| Untracked 
|  49|0x00000000c4d00000, 0x00000000c4d00000, 0x00000000c4e00000|  0%| F|  |TAMS 0x00000000c4d00000, 0x00000000c4d00000| Untracked 
|  50|0x00000000c4e00000, 0x00000000c4f00000, 0x00000000c4f00000|100%| E|  |TAMS 0x00000000c4e00000, 0x00000000c4e00000| Complete 
|  51|0x00000000c4f00000, 0x00000000c5000000, 0x00000000c5000000|100%| E|CS|TAMS 0x00000000c4f00000, 0x00000000c4f00000| Complete 
|  52|0x00000000c5000000, 0x00000000c5100000, 0x00000000c5100000|100%| E|CS|TAMS 0x00000000c5000000, 0x00000000c5000000| Complete 
|  53|0x00000000c5100000, 0x00000000c5200000, 0x00000000c5200000|100%| E|CS|TAMS 0x00000000c5100000, 0x00000000c5100000| Complete 
|  54|0x00000000c5200000, 0x00000000c5300000, 0x00000000c5300000|100%| E|CS|TAMS 0x00000000c5200000, 0x00000000c5200000| Complete 
|  55|0x00000000c5300000, 0x00000000c5400000, 0x00000000c5400000|100%| E|CS|TAMS 0x00000000c5300000, 0x00000000c5300000| Complete 
|  56|0x00000000c5400000, 0x00000000c5500000, 0x00000000c5500000|100%| E|CS|TAMS 0x00000000c5400000, 0x00000000c5400000| Complete 
|  57|0x00000000c5500000, 0x00000000c5600000, 0x00000000c5600000|100%| E|CS|TAMS 0x00000000c5500000, 0x00000000c5500000| Complete 
|  58|0x00000000c5600000, 0x00000000c5700000, 0x00000000c5700000|100%| E|CS|TAMS 0x00000000c5600000, 0x00000000c5600000| Complete 
|  59|0x00000000c5700000, 0x00000000c5800000, 0x00000000c5800000|100%| E|CS|TAMS 0x00000000c5700000, 0x00000000c5700000| Complete 
|  60|0x00000000c5800000, 0x00000000c5900000, 0x00000000c5900000|100%| E|CS|TAMS 0x00000000c5800000, 0x00000000c5800000| Complete 
|  61|0x00000000c5900000, 0x00000000c5a00000, 0x00000000c5a00000|100%| E|CS|TAMS 0x00000000c5900000, 0x00000000c5900000| Complete 
|  62|0x00000000c5a00000, 0x00000000c5b00000, 0x00000000c5b00000|100%| E|CS|TAMS 0x00000000c5a00000, 0x00000000c5a00000| Complete 
|  63|0x00000000c5b00000, 0x00000000c5c00000, 0x00000000c5c00000|100%| E|CS|TAMS 0x00000000c5b00000, 0x00000000c5b00000| Complete 

Card table byte_map: [0x0000011ef6520000,0x0000011ef6720000] _byte_map_base: 0x0000011ef5f12000

Marking Bits (Prev, Next): (CMBitMap*) 0x0000011edcac3a58, (CMBitMap*) 0x0000011edcac3a98
 Prev Bits: [0x0000011ef6920000, 0x0000011ef78b0000)
 Next Bits: [0x0000011ef78b0000, 0x0000011ef8840000)

Polling page: 0x0000011edcb60000

Metaspace:

Usage:
  Non-class:     13.03 MB capacity,    11.64 MB ( 89%) used,     1.37 MB ( 11%) free+waste,    16.81 KB ( <1%) overhead. 
      Class:      1.79 MB capacity,     1.54 MB ( 86%) used,   247.16 KB ( 14%) free+waste,     7.69 KB ( <1%) overhead. 
       Both:     14.82 MB capacity,    13.18 MB ( 89%) used,     1.61 MB ( 11%) free+waste,    24.50 KB ( <1%) overhead. 

Virtual space:
  Non-class space:       14.00 MB reserved,      13.25 MB ( 95%) committed 
      Class space:        1.00 GB reserved,       1.88 MB ( <1%) committed 
             Both:        1.01 GB reserved,      15.13 MB (  1%) committed 

Chunk freelists:
   Non-Class:  33.00 KB
       Class:  28.00 KB
        Both:  61.00 KB

MaxMetaspaceSize: 17179869184.00 GB
CompressedClassSpaceSize: 1.00 GB

CodeHeap 'non-profiled nmethods': size=120000Kb used=1280Kb max_used=1280Kb free=118719Kb
 bounds [0x0000011eee240000, 0x0000011eee4b0000, 0x0000011ef5770000]
CodeHeap 'profiled nmethods': size=120000Kb used=6643Kb max_used=6643Kb free=113356Kb
 bounds [0x0000011ee6d10000, 0x0000011ee7390000, 0x0000011eee240000]
CodeHeap 'non-nmethods': size=5760Kb used=1180Kb max_used=1204Kb free=4579Kb
 bounds [0x0000011ee6770000, 0x0000011ee69e0000, 0x0000011ee6d10000]
 total_blobs=4352 nmethods=3007 adapters=343
 compilation: enabled
              stopped_count=0, restarted_count=0
 full_count=0

Compilation events (20 events):
Event: 2.456 Thread 0x0000011efb298000 2969       1       org.apache.maven.model.ModelBase::setDependencies (6 bytes)
Event: 2.456 Thread 0x0000011efb298000 nmethod 2969 0x0000011eee37e390 code [0x0000011eee37e520, 0x0000011eee37e698]
Event: 2.456 Thread 0x0000011efb298000 2970   !   3       org.apache.maven.model.DependencyManagement::clone (137 bytes)
Event: 2.457 Thread 0x0000011efb298000 nmethod 2970 0x0000011ee7367110 code [0x0000011ee7367480, 0x0000011ee7368bd0]
Event: 2.457 Thread 0x0000011efb298000 2971       3       org.apache.maven.model.Model::getProjectDirectory (19 bytes)
Event: 2.457 Thread 0x0000011efb298000 nmethod 2971 0x0000011ee7369510 code [0x0000011ee73696e0, 0x0000011ee7369b50]
Event: 2.457 Thread 0x0000011efb298000 2972       1       org.apache.maven.model.Model::setCiManagement (6 bytes)
Event: 2.457 Thread 0x0000011efb298000 nmethod 2972 0x0000011eee37e710 code [0x0000011eee37e8a0, 0x0000011eee37ea18]
Event: 2.457 Thread 0x0000011efb298000 2973       1       org.eclipse.aether.repository.RemoteRepository::getHost (5 bytes)
Event: 2.457 Thread 0x0000011efb298000 nmethod 2973 0x0000011eee37ea90 code [0x0000011eee37ec20, 0x0000011eee37ed58]
Event: 2.457 Thread 0x0000011efb298000 2974       1       org.eclipse.aether.repository.RemoteRepository::getProtocol (5 bytes)
Event: 2.457 Thread 0x0000011efb298000 nmethod 2974 0x0000011eee37ee10 code [0x0000011eee37efa0, 0x0000011eee37f0d8]
Event: 2.466 Thread 0x0000011efb298000 2975       3       org.eclipse.aether.repository.RemoteRepository$Builder::<init> (61 bytes)
Event: 2.466 Thread 0x0000011efb298000 nmethod 2975 0x0000011ee7369d10 code [0x0000011ee7369ee0, 0x0000011ee736a3b8]
Event: 2.466 Thread 0x0000011efb298000 2976       3       org.eclipse.aether.repository.RemoteRepository$Builder::setSnapshotPolicy (42 bytes)
Event: 2.466 Thread 0x0000011efb298000 nmethod 2976 0x0000011ee736a490 code [0x0000011ee736a660, 0x0000011ee736a9b0]
Event: 2.466 Thread 0x0000011efb298000 2977       3       org.eclipse.aether.repository.RemoteRepository$Builder::setReleasePolicy (42 bytes)
Event: 2.467 Thread 0x0000011efb298000 nmethod 2977 0x0000011ee736ab10 code [0x0000011ee736ace0, 0x0000011ee736b030]
Event: 2.467 Thread 0x0000011efb298000 2978       3       org.eclipse.aether.repository.RemoteRepository$Builder::build (28 bytes)
Event: 2.467 Thread 0x0000011efb298000 nmethod 2978 0x0000011ee736b190 code [0x0000011ee736b340, 0x0000011ee736b610]

GC Heap History (6 events):
Event: 0.588 GC heap before
{Heap before GC invocations=0 (full 0):
 garbage-first heap   total 65536K, used 23552K [0x00000000c1c00000, 0x0000000100000000)
  region size 1024K, 24 young (24576K), 0 survivors (0K)
 Metaspace       used 4770K, capacity 7493K, committed 7552K, reserved 1056768K
  class space    used 596K, capacity 884K, committed 896K, reserved 1048576K
}
Event: 0.595 GC heap after
{Heap after GC invocations=1 (full 0):
 garbage-first heap   total 65536K, used 3352K [0x00000000c1c00000, 0x0000000100000000)
  region size 1024K, 3 young (3072K), 3 survivors (3072K)
 Metaspace       used 4770K, capacity 7493K, committed 7552K, reserved 1056768K
  class space    used 596K, capacity 884K, committed 896K, reserved 1048576K
}
Event: 1.370 GC heap before
{Heap before GC invocations=1 (full 0):
 garbage-first heap   total 65536K, used 39192K [0x00000000c1c00000, 0x0000000100000000)
  region size 1024K, 38 young (38912K), 3 survivors (3072K)
 Metaspace       used 10433K, capacity 12434K, committed 12672K, reserved 1060864K
  class space    used 1300K, capacity 1555K, committed 1664K, reserved 1048576K
}
Event: 1.381 GC heap after
{Heap after GC invocations=2 (full 0):
 garbage-first heap   total 65536K, used 5445K [0x00000000c1c00000, 0x0000000100000000)
  region size 1024K, 3 young (3072K), 3 survivors (3072K)
 Metaspace       used 10433K, capacity 12434K, committed 12672K, reserved 1060864K
  class space    used 1300K, capacity 1555K, committed 1664K, reserved 1048576K
}
Event: 2.179 GC heap before
{Heap before GC invocations=2 (full 0):
 garbage-first heap   total 65536K, used 41285K [0x00000000c1c00000, 0x0000000100000000)
  region size 1024K, 38 young (38912K), 3 survivors (3072K)
 Metaspace       used 13331K, capacity 15042K, committed 15232K, reserved 1062912K
  class space    used 1571K, capacity 1828K, committed 1920K, reserved 1048576K
}
Event: 2.185 GC heap after
{Heap after GC invocations=3 (full 0):
 garbage-first heap   total 65536K, used 7483K [0x00000000c1c00000, 0x0000000100000000)
  region size 1024K, 5 young (5120K), 5 survivors (5120K)
 Metaspace       used 13331K, capacity 15042K, committed 15232K, reserved 1062912K
  class space    used 1571K, capacity 1828K, committed 1920K, reserved 1048576K
}

Deoptimization events (20 events):
Event: 2.134 Thread 0x0000011edca92800 DEOPT PACKING pc=0x0000011ee7271a56 sp=0x00000019295fcda0
Event: 2.134 Thread 0x0000011edca92800 DEOPT UNPACKING pc=0x0000011ee67b964e sp=0x00000019295fc350 mode 0
Event: 2.137 Thread 0x0000011edca92800 DEOPT PACKING pc=0x0000011ee7271a56 sp=0x00000019295fcee0
Event: 2.137 Thread 0x0000011edca92800 DEOPT UNPACKING pc=0x0000011ee67b964e sp=0x00000019295fc490 mode 0
Event: 2.205 Thread 0x0000011edca92800 DEOPT PACKING pc=0x0000011ee71aca3e sp=0x00000019295fcdd0
Event: 2.205 Thread 0x0000011edca92800 DEOPT UNPACKING pc=0x0000011ee67b964e sp=0x00000019295fc328 mode 0
Event: 2.227 Thread 0x0000011edca92800 Uncommon trap: trap_request=0xffffff76 fr.pc=0x0000011eee35e788 relative=0x0000000000000908
Event: 2.227 Thread 0x0000011edca92800 Uncommon trap: reason=predicate action=maybe_recompile pc=0x0000011eee35e788 method=java.util.AbstractCollection.toArray([Ljava/lang/Object;)[Ljava/lang/Object; @ 43 c2
Event: 2.227 Thread 0x0000011edca92800 DEOPT PACKING pc=0x0000011eee35e788 sp=0x00000019295fc960
Event: 2.227 Thread 0x0000011edca92800 DEOPT UNPACKING pc=0x0000011ee67b912f sp=0x00000019295fc8a8 mode 2
Event: 2.358 Thread 0x0000011edca92800 Uncommon trap: trap_request=0xffffff45 fr.pc=0x0000011eee360cf4 relative=0x00000000000000b4
Event: 2.358 Thread 0x0000011edca92800 Uncommon trap: reason=unstable_if action=reinterpret pc=0x0000011eee360cf4 method=org.apache.maven.model.io.xpp3.MavenXpp3Reader.nextTag(Lorg/codehaus/plexus/util/xml/pull/XmlPullParser;)I @ 9 c2
Event: 2.358 Thread 0x0000011edca92800 DEOPT PACKING pc=0x0000011eee360cf4 sp=0x00000019295fc5c0
Event: 2.358 Thread 0x0000011edca92800 DEOPT UNPACKING pc=0x0000011ee67b912f sp=0x00000019295fc550 mode 2
Event: 2.369 Thread 0x0000011edca92800 Uncommon trap: trap_request=0xffffffd6 fr.pc=0x0000011eee36c124 relative=0x00000000000008a4
Event: 2.369 Thread 0x0000011edca92800 Uncommon trap: reason=array_check action=maybe_recompile pc=0x0000011eee36c124 method=java.util.AbstractCollection.toArray([Ljava/lang/Object;)[Ljava/lang/Object; @ 116 c2
Event: 2.369 Thread 0x0000011edca92800 DEOPT PACKING pc=0x0000011eee36c124 sp=0x00000019295fbe30
Event: 2.369 Thread 0x0000011edca92800 DEOPT UNPACKING pc=0x0000011ee67b912f sp=0x00000019295fbd80 mode 2
Event: 2.396 Thread 0x0000011edca92800 DEOPT PACKING pc=0x0000011ee71b2fe9 sp=0x00000019295fc810
Event: 2.396 Thread 0x0000011edca92800 DEOPT UNPACKING pc=0x0000011ee67b964e sp=0x00000019295fbcf0 mode 0

Classes unloaded (0 events):
No events

Classes redefined (0 events):
No events

Internal exceptions (6 events):
Event: 0.238 Thread 0x0000011edca92800 Exception <a 'java/lang/NoSuchMethodError'{0x00000000c56c3678}: 'int java.lang.invoke.DirectMethodHandle$Holder.invokeSpecialIFC(java.lang.Object, java.lang.Object, int)'> (0x00000000c56c3678) 
thrown [t:/workspace/open/src/hotspot/share/interpreter/linkResolver.cpp, line 767]
Event: 1.214 Thread 0x0000011edca92800 Exception <a 'java/lang/NoClassDefFoundError'{0x00000000c3b69450}: com/google/inject/servlet/ServletModuleTargetVisitor> (0x00000000c3b69450) 
thrown [t:/workspace/open/src/hotspot/share/classfile/systemDictionary.cpp, line 221]
Event: 1.214 Thread 0x0000011edca92800 Exception <a 'java/lang/NoClassDefFoundError'{0x00000000c3b6c2c8}: javax/annotation/Priority> (0x00000000c3b6c2c8) 
thrown [t:/workspace/open/src/hotspot/share/classfile/systemDictionary.cpp, line 221]
Event: 1.329 Thread 0x0000011edca92800 Exception <a 'java/lang/NoSuchMethodError'{0x00000000c3779f88}: 'java.lang.Object java.lang.invoke.DirectMethodHandle$Holder.invokeStaticInit(java.lang.Object, int, int, int, int)'> (0x00000000c3779f88) 
thrown [t:/workspace/open/src/hotspot/share/interpreter/linkResolver.cpp, line 767]
Event: 1.616 Thread 0x0000011edca92800 Implicit null exception at 0x0000011eee2c32e5 to 0x0000011eee2c34c2
Event: 1.616 Thread 0x0000011edca92800 Implicit null exception at 0x0000011eee261a2f to 0x0000011eee261aad

Events (20 events):
Event: 2.186 Executing VM operation: RevokeBias
Event: 2.186 Executing VM operation: RevokeBias done
Event: 2.186 Executing VM operation: RevokeBias
Event: 2.186 Executing VM operation: RevokeBias done
Event: 2.186 Executing VM operation: RevokeBias
Event: 2.186 Executing VM operation: RevokeBias done
Event: 2.186 Executing VM operation: RevokeBias
Event: 2.186 Executing VM operation: RevokeBias done
Event: 2.186 Executing VM operation: RevokeBias
Event: 2.187 Executing VM operation: RevokeBias done
Event: 2.187 Executing VM operation: RevokeBias
Event: 2.187 Executing VM operation: RevokeBias done
Event: 2.187 Executing VM operation: RevokeBias
Event: 2.187 Executing VM operation: RevokeBias done
Event: 2.187 Executing VM operation: RevokeBias
Event: 2.187 Executing VM operation: RevokeBias done
Event: 2.187 Executing VM operation: BulkRevokeBias
Event: 2.187 Executing VM operation: BulkRevokeBias done
Event: 2.187 Executing VM operation: BulkRevokeBias
Event: 2.187 Executing VM operation: BulkRevokeBias done


Dynamic libraries:
0x00007ff6d3970000 - 0x00007ff6d397f000 	C:\Program Files\Java\jdk-13.0.1\bin\java.exe
0x00007ffbb7040000 - 0x00007ffbb7230000 	C:\WINDOWS\SYSTEM32\ntdll.dll
0x00007ffbb5c70000 - 0x00007ffbb5d22000 	C:\WINDOWS\System32\KERNEL32.DLL
0x00007ffbb4090000 - 0x00007ffbb4335000 	C:\WINDOWS\System32\KERNELBASE.dll
0x00007ffbb4ed0000 - 0x00007ffbb4fca000 	C:\WINDOWS\System32\ucrtbase.dll
0x00007ffba7c30000 - 0x00007ffba7c48000 	C:\Program Files\Java\jdk-13.0.1\bin\jli.dll
0x00007ffbadd30000 - 0x00007ffbadd45000 	C:\Program Files\Java\jdk-13.0.1\bin\VCRUNTIME140.dll
0x00007ffbb5da0000 - 0x00007ffbb5e43000 	C:\WINDOWS\System32\ADVAPI32.dll
0x00007ffbb5e50000 - 0x00007ffbb5eee000 	C:\WINDOWS\System32\msvcrt.dll
0x00007ffbb6280000 - 0x00007ffbb6317000 	C:\WINDOWS\System32\sechost.dll
0x00007ffbb5ae0000 - 0x00007ffbb5bff000 	C:\WINDOWS\System32\RPCRT4.dll
0x00007ffbb5120000 - 0x00007ffbb52b4000 	C:\WINDOWS\System32\USER32.dll
0x00007ffbb4060000 - 0x00007ffbb4081000 	C:\WINDOWS\System32\win32u.dll
0x00007ffbb5f20000 - 0x00007ffbb5f46000 	C:\WINDOWS\System32\GDI32.dll
0x00007ffb9f970000 - 0x00007ffb9fbf4000 	C:\WINDOWS\WinSxS\amd64_microsoft.windows.common-controls_6595b64144ccf1df_6.0.18362.1379_none_9e7ff3b3e45cc0c4\COMCTL32.dll
0x00007ffbb4340000 - 0x00007ffbb44d8000 	C:\WINDOWS\System32\gdi32full.dll
0x00007ffbb6960000 - 0x00007ffbb6c97000 	C:\WINDOWS\System32\combase.dll
0x00007ffbb3fc0000 - 0x00007ffbb405e000 	C:\WINDOWS\System32\msvcp_win.dll
0x00007ffbb4fd0000 - 0x00007ffbb5051000 	C:\WINDOWS\System32\bcryptPrimitives.dll
0x00007ffbae8a0000 - 0x00007ffbae8aa000 	C:\WINDOWS\SYSTEM32\VERSION.dll
0x00007ffbb50f0000 - 0x00007ffbb511e000 	C:\WINDOWS\System32\IMM32.DLL
0x00007ffb9ed10000 - 0x00007ffb9edab000 	C:\Program Files\Java\jdk-13.0.1\bin\msvcp140.dll
0x00007ffb541b0000 - 0x00007ffb54d16000 	C:\Program Files\Java\jdk-13.0.1\bin\server\jvm.dll
0x00007ffbb5f50000 - 0x00007ffbb5f58000 	C:\WINDOWS\System32\PSAPI.DLL
0x00007ffbaa310000 - 0x00007ffbaa334000 	C:\WINDOWS\SYSTEM32\WINMM.dll
0x00007ffbae210000 - 0x00007ffbae219000 	C:\WINDOWS\SYSTEM32\WSOCK32.dll
0x00007ffbb5c00000 - 0x00007ffbb5c6f000 	C:\WINDOWS\System32\WS2_32.dll
0x00007ffbaa2c0000 - 0x00007ffbaa2ed000 	C:\WINDOWS\SYSTEM32\winmmbase.dll
0x00007ffbb4630000 - 0x00007ffbb467a000 	C:\WINDOWS\System32\cfgmgr32.dll
0x00007ffbb3fa0000 - 0x00007ffbb3fb1000 	C:\WINDOWS\System32\kernel.appcore.dll
0x00007ffbad570000 - 0x00007ffbad580000 	C:\Program Files\Java\jdk-13.0.1\bin\verify.dll
0x00007ffbb1c70000 - 0x00007ffbb1e64000 	C:\WINDOWS\SYSTEM32\DBGHELP.DLL
0x00007ffbad8f0000 - 0x00007ffbad91a000 	C:\WINDOWS\SYSTEM32\dbgcore.DLL
0x00007ffba76f0000 - 0x00007ffba7716000 	C:\Program Files\Java\jdk-13.0.1\bin\java.dll
0x00007ffba7ea0000 - 0x00007ffba7eb7000 	C:\Program Files\Java\jdk-13.0.1\bin\zip.dll
0x00007ffbad510000 - 0x00007ffbad51a000 	C:\Program Files\Java\jdk-13.0.1\bin\jimage.dll
0x00007ffbb53f0000 - 0x00007ffbb5ad8000 	C:\WINDOWS\System32\SHELL32.dll
0x00007ffbb5340000 - 0x00007ffbb53e7000 	C:\WINDOWS\System32\shcore.dll
0x00007ffbb46a0000 - 0x00007ffbb4e1b000 	C:\WINDOWS\System32\windows.storage.dll
0x00007ffbb3f50000 - 0x00007ffbb3f73000 	C:\WINDOWS\System32\profapi.dll
0x00007ffbb3f00000 - 0x00007ffbb3f4a000 	C:\WINDOWS\System32\powrprof.dll
0x00007ffbb3ef0000 - 0x00007ffbb3f00000 	C:\WINDOWS\System32\UMPDC.dll
0x00007ffbb6030000 - 0x00007ffbb6082000 	C:\WINDOWS\System32\shlwapi.dll
0x00007ffbb4680000 - 0x00007ffbb4697000 	C:\WINDOWS\System32\cryptsp.dll
0x00007ffba7e70000 - 0x00007ffba7e89000 	C:\Program Files\Java\jdk-13.0.1\bin\net.dll
0x00007ffbac010000 - 0x00007ffbac100000 	C:\WINDOWS\SYSTEM32\WINHTTP.dll
0x00007ffbb36d0000 - 0x00007ffbb3737000 	C:\WINDOWS\system32\mswsock.dll
0x00007ffba7be0000 - 0x00007ffba7bf3000 	C:\Program Files\Java\jdk-13.0.1\bin\nio.dll

dbghelp: loaded successfully - version: 4.0.5 - missing functions: none
symbol engine: initialized successfully - sym options: 0x614 - pdb path: .;C:\Program Files\Java\jdk-13.0.1\bin;C:\WINDOWS\SYSTEM32;C:\WINDOWS\WinSxS\amd64_microsoft.windows.common-controls_6595b64144ccf1df_6.0.18362.1379_none_9e7ff3b3e45cc0c4;C:\Program Files\Java\jdk-13.0.1\bin\server

VM Arguments:
jvm_args: -Dclassworlds.conf=C:\Program Files\NetBeans-11.2\netbeans\java\maven\bin\m2.conf -Dmaven.home=C:\Program Files\NetBeans-11.2\netbeans\java\maven -Dmaven.multiModuleProjectDirectory=C:\Users\kira\OneDrive\Dokumenty\NetBeansProjects\ChessGame_2021 
java_command: org.codehaus.plexus.classworlds.launcher.Launcher -Dmaven.ext.class.path=C:\Program Files\NetBeans-11.2\netbeans\java\maven-nblib\netbeans-eventspy.jar -Dfile.encoding=UTF-8 install
java_class_path (initial): C:\Program Files\NetBeans-11.2\netbeans\java\maven\boot\plexus-classworlds-2.5.2.jar
Launcher Type: SUN_STANDARD

[Global flags]
     intx CICompilerCount                          = 4                                         {product} {ergonomic}
     uint ConcGCThreads                            = 2                                         {product} {ergonomic}
     uint G1ConcRefinementThreads                  = 8                                         {product} {ergonomic}
   size_t G1HeapRegionSize                         = 1048576                                   {product} {ergonomic}
    uintx GCDrainStackTargetSize                   = 64                                        {product} {ergonomic}
   size_t InitialHeapSize                          = 67108864                                  {product} {ergonomic}
   size_t MarkStackSize                            = 4194304                                   {product} {ergonomic}
   size_t MaxHeapSize                              = 1044381696                                {product} {ergonomic}
   size_t MaxNewSize                               = 625999872                                 {product} {ergonomic}
   size_t MinHeapDeltaBytes                        = 1048576                                   {product} {ergonomic}
   size_t MinHeapSize                              = 8388608                                   {product} {ergonomic}
    uintx NonNMethodCodeHeapSize                   = 5836300                                {pd product} {ergonomic}
    uintx NonProfiledCodeHeapSize                  = 122910970                              {pd product} {ergonomic}
    uintx ProfiledCodeHeapSize                     = 122910970                              {pd product} {ergonomic}
    uintx ReservedCodeCacheSize                    = 251658240                              {pd product} {ergonomic}
     bool SegmentedCodeCache                       = true                                      {product} {ergonomic}
   size_t SoftMaxHeapSize                          = 1044381696                             {manageable} {ergonomic}
     bool UseCompressedClassPointers               = true                                 {lp64_product} {ergonomic}
     bool UseCompressedOops                        = true                                 {lp64_product} {ergonomic}
     bool UseG1GC                                  = true                                      {product} {ergonomic}
     bool UseLargePagesIndividualAllocation        = false                                  {pd product} {ergonomic}

Logging:
Log output configuration:
 #0: stdout all=warning uptime,level,tags
 #1: stderr all=off uptime,level,tags

Environment Variables:
JAVA_HOME=C:\Program Files\Java\jdk-13.0.1
PATH=C:\Program Files (x86)\Intel\iCLS Client\;C:\Program Files\Intel\iCLS Client\;C:\WINDOWS\system32;C:\WINDOWS;C:\WINDOWS\System32\Wbem;C:\WINDOWS\System32\WindowsPowerShell\v1.0\;C:\WINDOWS\System32\OpenSSH\;C:\Program Files (x86)\Intel\Intel(R) Management Engine Components\DAL;C:\Program Files\Intel\Intel(R) Management Engine Components\DAL;C:\Program Files (x86)\Intel\Intel(R) Management Engine Components\IPT;C:\Program Files\Intel\Intel(R) Management Engine Components\IPT;C:\Program Files\Intel\WiFi\bin\;C:\Program Files\Common Files\Intel\WirelessCommon\;C:\Program Files\GCC\bin;C:\Program Files\Java\jdk-13.0.1\bin;C:\Program Files\Git\cmd;C:\Program Files\OpenVPN\bin;C:\Program Files\CMake\bin;C:\Users\kira\AppData\Local\Programs\Python\Python37\Scripts\;C:\Users\kira\AppData\Local\Programs\Python\Python37\;C:\Users\kira\AppData\Local\Microsoft\WindowsApps;C:\Program Files\JetBrains\PyCharm 2019.2.3\bin;;C:\Program Files\JetBrains\PhpStorm 2019.3.1\bin;;C:\Program Files\JetBrains\IntelliJ IDEA Community Edition 2019.3.3\bin;;C:\Program Files\apache-maven-3.6.3\bin;C:\Program Files (x86)\Dr. Memory\bin\;C:\Program Files (x86)\Dr. Memory\bin64;
USERNAME=kira
OS=Windows_NT
PROCESSOR_IDENTIFIER=Intel64 Family 6 Model 142 Stepping 10, GenuineIntel



---------------  S Y S T E M  ---------------

OS: Windows 10 , 64 bit Build 18362 (10.0.18362.1350)

CPU:total 8 (initial active 8) (4 cores per cpu, 2 threads per core) family 6 model 142 stepping 10, cmov, cx8, fxsr, mmx, sse, sse2, sse3, ssse3, sse4.1, sse4.2, popcnt, avx, avx2, aes, clmul, erms, 3dnowpref, lzcnt, ht, tsc, tscinvbit, bmi1, bmi2, adx, fma

Memory: 4k page, system-wide physical 3978M (219M free)
TotalPageFile size 16266M (AvailPageFile size 1M)
current process WorkingSet (physical memory assigned to process): 130M, peak: 130M
current process commit charge ("private bytes"): 196M, peak: 196M

vm_info: Java HotSpot(TM) 64-Bit Server VM (13.0.1+9) for windows-amd64 JRE (13.0.1+9), built on Oct  6 2019 12:37:49 by "mach5one" with unknown MS VC++:1916

END.
