#
# There is insufficient memory for the Java Runtime Environment to continue.
# Native memory allocation (mmap) failed to map 8388608 bytes for Failed to commit area from 0x00000000c4300000 to 0x00000000c4b00000 of length 8388608.
# Possible reasons:
#   The system is out of physical RAM or swap space
#   The process is running with CompressedOops enabled, and the Java Heap may be blocking the growth of the native heap
# Possible solutions:
#   Reduce memory load on the system
#   Increase physical memory or swap space
#   Check if swap backing store is full
#   Decrease Java heap size (-Xmx/-Xms)
#   Decrease number of Java threads
#   Decrease Java thread stack sizes (-Xss)
#   Set larger code cache with -XX:ReservedCodeCacheSize=
#   JVM is running with Unscaled Compressed Oops mode in which the Java heap is
#     placed in the first 4GB address space. The Java Heap base address is the
#     maximum limit for the native heap growth. Please use -XX:HeapBaseMinAddress
#     to set the Java Heap base and to place the Java Heap above 4GB virtual address.
# This output file may be truncated or incomplete.
#
#  Out of Memory Error (t:/workspace/open/src/hotspot/os/windows/os_windows.cpp:3301), pid=39868, tid=34600
#
# JRE version: Java(TM) SE Runtime Environment (13.0.1+9) (build 13.0.1+9)
# Java VM: Java HotSpot(TM) 64-Bit Server VM (13.0.1+9, mixed mode, sharing, tiered, compressed oops, g1 gc, windows-amd64)
# No core dump will be written. Minidumps are not enabled by default on client versions of Windows
#

---------------  S U M M A R Y ------------

Command Line: -Dclassworlds.conf=C:\Program Files\NetBeans-11.2\netbeans\java\maven\bin\m2.conf -Dmaven.home=C:\Program Files\NetBeans-11.2\netbeans\java\maven -Dmaven.multiModuleProjectDirectory=C:\Users\kira\OneDrive\Dokumenty\NetBeansProjects\ChessGame_2021 org.codehaus.plexus.classworlds.launcher.Launcher -Dmaven.ext.class.path=C:\Program Files\NetBeans-11.2\netbeans\java\maven-nblib\netbeans-eventspy.jar -Dfile.encoding=UTF-8 install

Host: Intel(R) Core(TM) i5-8250U CPU @ 1.60GHz, 8 cores, 3G,  Windows 10 , 64 bit Build 18362 (10.0.18362.1350)
Time: Tue Mar  2 22:04:51 2021  elapsed time: 4 seconds (0d 0h 0m 4s)

---------------  T H R E A D  ---------------

Current thread (0x0000022df89cb800):  VMThread "VM Thread" [stack: 0x00000087c6900000,0x00000087c6a00000] [id=34600]

Stack: [0x00000087c6900000,0x00000087c6a00000]
[error occurred during error reporting (printing stack bounds), id 0xc0000005, EXCEPTION_ACCESS_VIOLATION (0xc0000005) at pc=0x0000022d884310ad]

Native frames: (J=compiled Java code, j=interpreted, Vv=VM code, C=native code)
V  [jvm.dll+0x626eca]
V  [jvm.dll+0x772c6a]
V  [jvm.dll+0x77441f]
V  [jvm.dll+0x774985]
V  [jvm.dll+0x77493b]
V  [jvm.dll+0x6266ff]
C  [ntdll.dll+0x790b6]
C  [ntdll.dll+0x6a926]
C  [ntdll.dll+0xa0b5e]
C  0x0000022d884310ad

VM_Operation (0x00000087c63fbd10): G1CollectForAllocation, mode: safepoint, requested by thread 0x0000022df8900800


---------------  P R O C E S S  ---------------

Threads class SMR info:
_java_thread_list=0x0000022dfe7aa510, length=10, elements={
0x0000022df8900800, 0x0000022df89cd800, 0x0000022dfdd14000, 0x0000022dfdd2e800,
0x0000022dfdd30800, 0x0000022dfdd31800, 0x0000022dfdd33000, 0x0000022dfdd36800,
0x0000022dfe7a4000, 0x0000022dfe7af000
}

Java Threads: ( => current thread )
  0x0000022df8900800 JavaThread "main" [_thread_blocked, id=36800, stack(0x00000087c6300000,0x00000087c6400000)]
  0x0000022df89cd800 JavaThread "Reference Handler" daemon [_thread_blocked, id=27100, stack(0x00000087c6a00000,0x00000087c6b00000)]
  0x0000022dfdd14000 JavaThread "Finalizer" daemon [_thread_blocked, id=36268, stack(0x00000087c6b00000,0x00000087c6c00000)]
  0x0000022dfdd2e800 JavaThread "Signal Dispatcher" daemon [_thread_blocked, id=32180, stack(0x00000087c6c00000,0x00000087c6d00000)]
  0x0000022dfdd30800 JavaThread "Attach Listener" daemon [_thread_blocked, id=21308, stack(0x00000087c6d00000,0x00000087c6e00000)]
  0x0000022dfdd31800 JavaThread "C2 CompilerThread0" daemon [_thread_in_native, id=32700, stack(0x00000087c6e00000,0x00000087c6f00000)]
  0x0000022dfdd33000 JavaThread "C1 CompilerThread0" daemon [_thread_blocked, id=41324, stack(0x00000087c6f00000,0x00000087c7000000)]
  0x0000022dfdd36800 JavaThread "Sweeper thread" daemon [_thread_blocked, id=11660, stack(0x00000087c7000000,0x00000087c7100000)]
  0x0000022dfe7a4000 JavaThread "Service Thread" daemon [_thread_blocked, id=28464, stack(0x00000087c7100000,0x00000087c7200000)]
  0x0000022dfe7af000 JavaThread "Common-Cleaner" daemon [_thread_blocked, id=43472, stack(0x00000087c7300000,0x00000087c7400000)]

Other Threads:
=>0x0000022df89cb800 VMThread "VM Thread" [stack: 0x00000087c6900000,0x00000087c6a00000] [id=34600]
  0x0000022dfe7a9000 WatcherThread [stack: 0x00000087c7200000,0x00000087c7300000] [id=9612]
  0x0000022df8932000 GCTaskThread "GC Thread#0" [stack: 0x00000087c6400000,0x00000087c6500000] [id=29176]
  0x0000022dff139000 GCTaskThread "GC Thread#1" [stack: 0x00000087c7400000,0x00000087c7500000] [id=18204]
  0x0000022df893c800 ConcurrentGCThread "G1 Main Marker" [stack: 0x00000087c6500000,0x00000087c6600000] [id=37572]
  0x0000022df893e000 ConcurrentGCThread "G1 Conc#0" [stack: 0x00000087c6600000,0x00000087c6700000] [id=38764]
  0x0000022d977d5000 ConcurrentGCThread "G1 Conc#1" [stack: 0x00000087c7500000,0x00000087c7600000] [id=43460]
  0x0000022df89a5000 ConcurrentGCThread "G1 Refine#0" [stack: 0x00000087c6700000,0x00000087c6800000] [id=19388]
  0x0000022df89a7000 ConcurrentGCThread "G1 Young RemSet Sampling" [stack: 0x00000087c6800000,0x00000087c6900000] [id=24928]

Threads with active compile tasks:
C2 CompilerThread0     4128 3416   !   4       jdk.internal.loader.BuiltinClassLoader::loadClassOrNull (143 bytes)

VM state:at safepoint (normal execution)

VM Mutex/Monitor currently owned by a thread:  ([mutex/lock_event])
[0x0000022df88fca40] Threads_lock - owner thread: 0x0000022df89cb800
[0x0000022df88fcf50] Heap_lock - owner thread: 0x0000022df8900800

Heap address: 0x00000000c1c00000, size: 996 MB, Compressed Oops mode: 32-bit
Narrow klass base: 0x0000000800000000, Narrow klass shift: 3
Compressed class space size: 1073741824 Address: 0x0000000800b40000

Heap:
 garbage-first heap   total 49152K, used 13105K [0x00000000c1c00000, 0x0000000100000000)
  region size 1024K, 3 young (3072K), 3 survivors (3072K)
 Metaspace       used 21555K, capacity 22571K, committed 22704K, reserved 1069056K
  class space    used 2516K, capacity 2749K, committed 2816K, reserved 1048576K
Heap Regions: E=young(eden), S=young(survivor), O=old, HS=humongous(starts), HC=humongous(continues), CS=collection set, F=free, A=archive, TAMS=top-at-mark-start (previous, next)
|   0|0x00000000c1c00000, 0x00000000c1d00000, 0x00000000c1d00000|100%| O|  |TAMS 0x00000000c1d00000, 0x00000000c1c00000| Untracked 
|   1|0x00000000c1d00000, 0x00000000c1e00000, 0x00000000c1e00000|100%| O|  |TAMS 0x00000000c1e00000, 0x00000000c1d00000| Untracked 
|   2|0x00000000c1e00000, 0x00000000c1f00000, 0x00000000c1f00000|100%| O|  |TAMS 0x00000000c1f00000, 0x00000000c1e00000| Untracked 
|   3|0x00000000c1f00000, 0x00000000c2000000, 0x00000000c2000000|100%| O|  |TAMS 0x00000000c1f1ac00, 0x00000000c1f00000| Untracked 
|   4|0x00000000c2000000, 0x00000000c2100000, 0x00000000c2100000|100%| O|  |TAMS 0x00000000c2000000, 0x00000000c2000000| Untracked 
|   5|0x00000000c2100000, 0x00000000c212ac00, 0x00000000c2200000| 16%| O|  |TAMS 0x00000000c2100000, 0x00000000c2100000| Untracked 
|   6|0x00000000c2200000, 0x00000000c2300000, 0x00000000c2300000|100%| O|  |TAMS 0x00000000c2200000, 0x00000000c2200000| Untracked 
|   7|0x00000000c2300000, 0x00000000c2400000, 0x00000000c2400000|100%| O|  |TAMS 0x00000000c2300000, 0x00000000c2300000| Untracked 
|   8|0x00000000c2400000, 0x00000000c2500000, 0x00000000c2500000|100%| O|  |TAMS 0x00000000c2400000, 0x00000000c2400000| Untracked 
|   9|0x00000000c2500000, 0x00000000c2600000, 0x00000000c2600000|100%| O|  |TAMS 0x00000000c2500000, 0x00000000c2500000| Untracked 
|  10|0x00000000c2600000, 0x00000000c26a1a00, 0x00000000c2700000| 63%| O|  |TAMS 0x00000000c2600000, 0x00000000c2600000| Untracked 
|  11|0x00000000c2700000, 0x00000000c2700000, 0x00000000c2800000|  0%| F|  |TAMS 0x00000000c2700000, 0x00000000c2700000| Untracked 
|  12|0x00000000c2800000, 0x00000000c2800000, 0x00000000c2900000|  0%| F|  |TAMS 0x00000000c2800000, 0x00000000c2800000| Untracked 
|  13|0x00000000c2900000, 0x00000000c2a00000, 0x00000000c2a00000|100%| S|CS|TAMS 0x00000000c2900000, 0x00000000c2900000| Complete 
|  14|0x00000000c2a00000, 0x00000000c2b00000, 0x00000000c2b00000|100%| S|CS|TAMS 0x00000000c2a00000, 0x00000000c2a00000| Complete 
|  15|0x00000000c2b00000, 0x00000000c2c00000, 0x00000000c2c00000|100%| S|CS|TAMS 0x00000000c2b00000, 0x00000000c2b00000| Complete 
|  16|0x00000000c2c00000, 0x00000000c2c00000, 0x00000000c2d00000|  0%| F|  |TAMS 0x00000000c2c00000, 0x00000000c2c00000| Untracked 
|  17|0x00000000c2d00000, 0x00000000c2d00000, 0x00000000c2e00000|  0%| F|  |TAMS 0x00000000c2d00000, 0x00000000c2d00000| Untracked 
|  18|0x00000000c2e00000, 0x00000000c2e00000, 0x00000000c2f00000|  0%| F|  |TAMS 0x00000000c2e00000, 0x00000000c2e00000| Untracked 
|  19|0x00000000c2f00000, 0x00000000c2f00000, 0x00000000c3000000|  0%| F|  |TAMS 0x00000000c2f00000, 0x00000000c2f00000| Untracked 
|  20|0x00000000c3000000, 0x00000000c3000000, 0x00000000c3100000|  0%| F|  |TAMS 0x00000000c3000000, 0x00000000c3000000| Untracked 
|  21|0x00000000c3100000, 0x00000000c3100000, 0x00000000c3200000|  0%| F|  |TAMS 0x00000000c3100000, 0x00000000c3100000| Untracked 
|  22|0x00000000c3200000, 0x00000000c3200000, 0x00000000c3300000|  0%| F|  |TAMS 0x00000000c3200000, 0x00000000c3200000| Untracked 
|  23|0x00000000c3300000, 0x00000000c3300000, 0x00000000c3400000|  0%| F|  |TAMS 0x00000000c3300000, 0x00000000c3300000| Untracked 
|  24|0x00000000c3400000, 0x00000000c3400000, 0x00000000c3500000|  0%| F|  |TAMS 0x00000000c3400000, 0x00000000c3400000| Untracked 
|  25|0x00000000c3500000, 0x00000000c3500000, 0x00000000c3600000|  0%| F|  |TAMS 0x00000000c3500000, 0x00000000c3500000| Untracked 
|  26|0x00000000c3600000, 0x00000000c3600000, 0x00000000c3700000|  0%| F|  |TAMS 0x00000000c3600000, 0x00000000c3600000| Untracked 
|  27|0x00000000c3700000, 0x00000000c3700000, 0x00000000c3800000|  0%| F|  |TAMS 0x00000000c3700000, 0x00000000c3700000| Untracked 
|  28|0x00000000c3800000, 0x00000000c3800000, 0x00000000c3900000|  0%| F|  |TAMS 0x00000000c3800000, 0x00000000c3800000| Untracked 
|  29|0x00000000c3900000, 0x00000000c3900000, 0x00000000c3a00000|  0%| F|  |TAMS 0x00000000c3900000, 0x00000000c3900000| Untracked 
|  30|0x00000000c3a00000, 0x00000000c3a00000, 0x00000000c3b00000|  0%| F|  |TAMS 0x00000000c3a00000, 0x00000000c3a00000| Untracked 
|  31|0x00000000c3b00000, 0x00000000c3b00000, 0x00000000c3c00000|  0%| F|  |TAMS 0x00000000c3b00000, 0x00000000c3b00000| Untracked 
|  32|0x00000000c3c00000, 0x00000000c3c00000, 0x00000000c3d00000|  0%| F|  |TAMS 0x00000000c3c00000, 0x00000000c3c00000| Untracked 
|  33|0x00000000c3d00000, 0x00000000c3d00000, 0x00000000c3e00000|  0%| F|  |TAMS 0x00000000c3d00000, 0x00000000c3d00000| Untracked 
|  34|0x00000000c3e00000, 0x00000000c3e00000, 0x00000000c3f00000|  0%| F|  |TAMS 0x00000000c3e00000, 0x00000000c3e00000| Untracked 
|  35|0x00000000c3f00000, 0x00000000c3f00000, 0x00000000c4000000|  0%| F|  |TAMS 0x00000000c3f00000, 0x00000000c3f00000| Untracked 
|  36|0x00000000c4000000, 0x00000000c4000000, 0x00000000c4100000|  0%| F|  |TAMS 0x00000000c4000000, 0x00000000c4000000| Untracked 
|  37|0x00000000c4100000, 0x00000000c4100000, 0x00000000c4200000|  0%| F|  |TAMS 0x00000000c4100000, 0x00000000c4100000| Untracked 
|  38|0x00000000c4200000, 0x00000000c4200000, 0x00000000c4300000|  0%| F|  |TAMS 0x00000000c4200000, 0x00000000c4200000| Untracked 
|  63|0x00000000c5b00000, 0x00000000c5b00000, 0x00000000c5c00000|  0%| F|  |TAMS 0x00000000c5b00000, 0x00000000c5b00000| Untracked 

Card table byte_map: [0x0000022df9010000,0x0000022df9210000] _byte_map_base: 0x0000022df8a02000

Marking Bits (Prev, Next): (CMBitMap*) 0x0000022df8933098, (CMBitMap*) 0x0000022df8933058
 Prev Bits: [0x0000022dfa3a0000, 0x0000022dfb330000)
 Next Bits: [0x0000022df9410000, 0x0000022dfa3a0000)

Polling page: 0x0000022df6a80000

Metaspace:

Usage:
  Non-class:     19.36 MB capacity,    18.59 MB ( 96%) used,   744.55 KB (  4%) free+waste,    38.88 KB ( <1%) overhead. 
      Class:      2.68 MB capacity,     2.46 MB ( 92%) used,   213.79 KB (  8%) free+waste,    18.31 KB ( <1%) overhead. 
       Both:     22.04 MB capacity,    21.05 MB ( 96%) used,   958.34 KB (  4%) free+waste,    57.19 KB ( <1%) overhead. 

Virtual space:
  Non-class space:       20.00 MB reserved,      19.42 MB ( 97%) committed 
      Class space:        1.00 GB reserved,       2.75 MB ( <1%) committed 
             Both:        1.02 GB reserved,      22.17 MB (  2%) committed 

Chunk freelists:
   Non-Class:  18.00 KB
       Class:  0 bytes
        Both:  18.00 KB

MaxMetaspaceSize: 17179869184.00 GB
CompressedClassSpaceSize: 1.00 GB

CodeHeap 'non-profiled nmethods': size=120000Kb used=1537Kb max_used=1537Kb free=118462Kb
 bounds [0x0000022d8ff00000, 0x0000022d90170000, 0x0000022d97430000]
CodeHeap 'profiled nmethods': size=120000Kb used=8509Kb max_used=8509Kb free=111491Kb
 bounds [0x0000022d889d0000, 0x0000022d89220000, 0x0000022d8ff00000]
CodeHeap 'non-nmethods': size=5760Kb used=1200Kb max_used=1211Kb free=4559Kb
 bounds [0x0000022d88430000, 0x0000022d886a0000, 0x0000022d889d0000]
 total_blobs=5199 nmethods=3735 adapters=368
 compilation: enabled
              stopped_count=0, restarted_count=0
 full_count=0

Compilation events (20 events):
Event: 4.078 Thread 0x0000022dfdd33000 3748       2       com.sun.tools.javac.util.Convert::packagePart (12 bytes)
Event: 4.079 Thread 0x0000022dfdd33000 nmethod 3748 0x0000022d89219590 code [0x0000022d89219760, 0x0000022d89219980]
Event: 4.079 Thread 0x0000022dfdd33000 3750       2       com.sun.tools.javac.jvm.ClassReader::sigToType (893 bytes)
Event: 4.080 Thread 0x0000022dfdd33000 nmethod 3750 0x0000022d89219b10 code [0x0000022d89219ee0, 0x0000022d8921b720]
Event: 4.080 Thread 0x0000022dfdd33000 3756       2       com.sun.tools.javac.util.ByteBuffer::getByte (7 bytes)
Event: 4.080 Thread 0x0000022dfdd33000 nmethod 3756 0x0000022d8921c290 code [0x0000022d8921c440, 0x0000022d8921c5f8]
Event: 4.080 Thread 0x0000022dfdd33000 3757       2       com.sun.tools.javac.jvm.PoolReader::sizeof (32 bytes)
Event: 4.080 Thread 0x0000022dfdd33000 nmethod 3757 0x0000022d8921c710 code [0x0000022d8921c8a0, 0x0000022d8921ca38]
Event: 4.080 Thread 0x0000022dfdd33000 3754       2       com.sun.tools.javac.code.Symtab::enterPackage (79 bytes)
Event: 4.081 Thread 0x0000022dfdd33000 nmethod 3754 0x0000022d8921cb10 code [0x0000022d8921ce00, 0x0000022d8921da50]
Event: 4.081 Thread 0x0000022dfdd33000 3752       2       com.sun.tools.javac.jvm.PoolReader$ImmutablePoolHelper::offset (11 bytes)
Event: 4.081 Thread 0x0000022dfdd33000 nmethod 3752 0x0000022d8921e010 code [0x0000022d8921e1c0, 0x0000022d8921e390]
Event: 4.081 Thread 0x0000022dfdd33000 3755       2       com.sun.tools.javac.code.Symtab::getPackage (26 bytes)
Event: 4.081 Thread 0x0000022dfdd33000 nmethod 3755 0x0000022d8921e490 code [0x0000022d8921e660, 0x0000022d8921e8e0]
Event: 4.081 Thread 0x0000022dfdd33000 3758       2       com.sun.tools.javac.jvm.PoolReader$ImmutablePoolHelper::readIfNeeded (48 bytes)
Event: 4.082 Thread 0x0000022dfdd33000 nmethod 3758 0x0000022d8921ea10 code [0x0000022d8921ec00, 0x0000022d8921f0a0]
Event: 4.082 Thread 0x0000022dfdd33000 3753       1       com.sun.tools.javac.code.Type$MethodType::getParameterTypes (5 bytes)
Event: 4.082 Thread 0x0000022dfdd33000 nmethod 3753 0x0000022d9007fe90 code [0x0000022d90080020, 0x0000022d90080158]
Event: 4.082 Thread 0x0000022dfdd33000 3751       1       com.sun.tools.javac.code.Type$JCPrimitiveType::getTag (5 bytes)
Event: 4.082 Thread 0x0000022dfdd33000 nmethod 3751 0x0000022d90080210 code [0x0000022d900803a0, 0x0000022d900804d8]

GC Heap History (9 events):
Event: 0.512 GC heap before
{Heap before GC invocations=0 (full 0):
 garbage-first heap   total 65536K, used 23552K [0x00000000c1c00000, 0x0000000100000000)
  region size 1024K, 24 young (24576K), 0 survivors (0K)
 Metaspace       used 4774K, capacity 7493K, committed 7552K, reserved 1056768K
  class space    used 596K, capacity 884K, committed 896K, reserved 1048576K
}
Event: 0.518 GC heap after
{Heap after GC invocations=1 (full 0):
 garbage-first heap   total 65536K, used 3349K [0x00000000c1c00000, 0x0000000100000000)
  region size 1024K, 3 young (3072K), 3 survivors (3072K)
 Metaspace       used 4774K, capacity 7493K, committed 7552K, reserved 1056768K
  class space    used 596K, capacity 884K, committed 896K, reserved 1048576K
}
Event: 1.075 GC heap before
{Heap before GC invocations=1 (full 0):
 garbage-first heap   total 65536K, used 39189K [0x00000000c1c00000, 0x0000000100000000)
  region size 1024K, 38 young (38912K), 3 survivors (3072K)
 Metaspace       used 10405K, capacity 12434K, committed 12672K, reserved 1060864K
  class space    used 1300K, capacity 1555K, committed 1664K, reserved 1048576K
}
Event: 1.083 GC heap after
{Heap after GC invocations=2 (full 0):
 garbage-first heap   total 65536K, used 5449K [0x00000000c1c00000, 0x0000000100000000)
  region size 1024K, 3 young (3072K), 3 survivors (3072K)
 Metaspace       used 10405K, capacity 12434K, committed 12672K, reserved 1060864K
  class space    used 1300K, capacity 1555K, committed 1664K, reserved 1048576K
}
Event: 1.839 GC heap before
{Heap before GC invocations=2 (full 0):
 garbage-first heap   total 65536K, used 41289K [0x00000000c1c00000, 0x0000000100000000)
  region size 1024K, 38 young (38912K), 3 survivors (3072K)
 Metaspace       used 13302K, capacity 15042K, committed 15232K, reserved 1062912K
  class space    used 1571K, capacity 1828K, committed 1920K, reserved 1048576K
}
Event: 1.846 GC heap after
{Heap after GC invocations=3 (full 0):
 garbage-first heap   total 65536K, used 7487K [0x00000000c1c00000, 0x0000000100000000)
  region size 1024K, 5 young (5120K), 5 survivors (5120K)
 Metaspace       used 13302K, capacity 15042K, committed 15232K, reserved 1062912K
  class space    used 1571K, capacity 1828K, committed 1920K, reserved 1048576K
}
Event: 3.827 GC heap before
{Heap before GC invocations=3 (full 0):
 garbage-first heap   total 65536K, used 34111K [0x00000000c1c00000, 0x0000000100000000)
  region size 1024K, 32 young (32768K), 5 survivors (5120K)
 Metaspace       used 19780K, capacity 21103K, committed 21296K, reserved 1069056K
  class space    used 2350K, capacity 2601K, committed 2688K, reserved 1048576K
}
Event: 3.839 GC heap after
{Heap after GC invocations=4 (full 0):
 garbage-first heap   total 65536K, used 10120K [0x00000000c1c00000, 0x0000000100000000)
  region size 1024K, 5 young (5120K), 5 survivors (5120K)
 Metaspace       used 19780K, capacity 21103K, committed 21296K, reserved 1069056K
  class space    used 2350K, capacity 2601K, committed 2688K, reserved 1048576K
}
Event: 4.084 GC heap before
{Heap before GC invocations=5 (full 0):
 garbage-first heap   total 40960K, used 29576K [0x00000000c1c00000, 0x0000000100000000)
  region size 1024K, 24 young (24576K), 5 survivors (5120K)
 Metaspace       used 21555K, capacity 22571K, committed 22704K, reserved 1069056K
  class space    used 2516K, capacity 2749K, committed 2816K, reserved 1048576K
}

Deoptimization events (20 events):
Event: 3.876 Thread 0x0000022df8900800 Uncommon trap: trap_request=0xffffff45 fr.pc=0x0000022d9005b96c relative=0x0000000000002c0c
Event: 3.876 Thread 0x0000022df8900800 Uncommon trap: reason=unstable_if action=reinterpret pc=0x0000022d9005b96c method=java.io.WinNTFileSystem.normalize(Ljava/lang/String;II)Ljava/lang/String; @ 87 c2
Event: 3.876 Thread 0x0000022df8900800 DEOPT PACKING pc=0x0000022d9005b96c sp=0x00000087c63fcba0
Event: 3.876 Thread 0x0000022df8900800 DEOPT UNPACKING pc=0x0000022d8847912f sp=0x00000087c63fcaf8 mode 2
Event: 3.885 Thread 0x0000022df8900800 Uncommon trap: trap_request=0xffffff45 fr.pc=0x0000022d90026648 relative=0x00000000000003c8
Event: 3.885 Thread 0x0000022df8900800 Uncommon trap: reason=unstable_if action=reinterpret pc=0x0000022d90026648 method=java.util.regex.Pattern$BmpCharPropertyGreedy.match(Ljava/util/regex/Matcher;ILjava/lang/CharSequence;)Z @ 73 c2
Event: 3.885 Thread 0x0000022df8900800 DEOPT PACKING pc=0x0000022d90026648 sp=0x00000087c63fc520
Event: 3.885 Thread 0x0000022df8900800 DEOPT UNPACKING pc=0x0000022d8847912f sp=0x00000087c63fc4c0 mode 2
Event: 3.912 Thread 0x0000022df8900800 Uncommon trap: trap_request=0xffffffc6 fr.pc=0x0000022d9001b5e8 relative=0x00000000000008a8
Event: 3.912 Thread 0x0000022df8900800 Uncommon trap: reason=bimorphic_or_optimized_type_check action=maybe_recompile pc=0x0000022d9001b5e8 method=java.util.regex.Pattern$CharPropertyGreedy.match(Ljava/util/regex/Matcher;ILjava/lang/CharSequence;)Z @ 28 c2
Event: 3.912 Thread 0x0000022df8900800 DEOPT PACKING pc=0x0000022d9001b5e8 sp=0x00000087c63fd310
Event: 3.912 Thread 0x0000022df8900800 DEOPT UNPACKING pc=0x0000022d8847912f sp=0x00000087c63fd2b0 mode 2
Event: 3.912 Thread 0x0000022df8900800 Uncommon trap: trap_request=0xffffff45 fr.pc=0x0000022d8ff680b0 relative=0x0000000000000090
Event: 3.912 Thread 0x0000022df8900800 Uncommon trap: reason=unstable_if action=reinterpret pc=0x0000022d8ff680b0 method=java.lang.CharacterDataLatin1.isWhitespace(I)Z @ 14 c2
Event: 3.912 Thread 0x0000022df8900800 DEOPT PACKING pc=0x0000022d8ff680b0 sp=0x00000087c63fcf60
Event: 3.912 Thread 0x0000022df8900800 DEOPT UNPACKING pc=0x0000022d8847912f sp=0x00000087c63fced0 mode 2
Event: 3.937 Thread 0x0000022df8900800 Uncommon trap: trap_request=0xffffff45 fr.pc=0x0000022d9007775c relative=0x00000000000000bc
Event: 3.937 Thread 0x0000022df8900800 Uncommon trap: reason=unstable_if action=reinterpret pc=0x0000022d9007775c method=com.sun.tools.javac.parser.UnicodeReader.scanChar()V @ 37 c2
Event: 3.937 Thread 0x0000022df8900800 DEOPT PACKING pc=0x0000022d9007775c sp=0x00000087c63fba90
Event: 3.937 Thread 0x0000022df8900800 DEOPT UNPACKING pc=0x0000022d8847912f sp=0x00000087c63fba30 mode 2

Classes unloaded (0 events):
No events

Classes redefined (0 events):
No events

Internal exceptions (20 events):
Event: 4.060 Thread 0x0000022df8900800 Exception <a 'sun/nio/fs/WindowsException'{0x00000000c2f4cc68}> (0x00000000c2f4cc68) 
thrown [t:/workspace/open/src/hotspot/share/prims/jni.cpp, line 598]
Event: 4.060 Thread 0x0000022df8900800 Exception <a 'sun/nio/fs/WindowsException'{0x00000000c2f4e038}> (0x00000000c2f4e038) 
thrown [t:/workspace/open/src/hotspot/share/prims/jni.cpp, line 598]
Event: 4.060 Thread 0x0000022df8900800 Exception <a 'sun/nio/fs/WindowsException'{0x00000000c2f4e318}> (0x00000000c2f4e318) 
thrown [t:/workspace/open/src/hotspot/share/prims/jni.cpp, line 598]
Event: 4.060 Thread 0x0000022df8900800 Exception <a 'sun/nio/fs/WindowsException'{0x00000000c2f4f8e8}> (0x00000000c2f4f8e8) 
thrown [t:/workspace/open/src/hotspot/share/prims/jni.cpp, line 598]
Event: 4.060 Thread 0x0000022df8900800 Exception <a 'sun/nio/fs/WindowsException'{0x00000000c2f4fc10}> (0x00000000c2f4fc10) 
thrown [t:/workspace/open/src/hotspot/share/prims/jni.cpp, line 598]
Event: 4.066 Thread 0x0000022df8900800 Exception <a 'sun/nio/fs/WindowsException'{0x00000000c2ef7758}> (0x00000000c2ef7758) 
thrown [t:/workspace/open/src/hotspot/share/prims/jni.cpp, line 598]
Event: 4.066 Thread 0x0000022df8900800 Exception <a 'sun/nio/fs/WindowsException'{0x00000000c2ef7aa0}> (0x00000000c2ef7aa0) 
thrown [t:/workspace/open/src/hotspot/share/prims/jni.cpp, line 598]
Event: 4.066 Thread 0x0000022df8900800 Exception <a 'sun/nio/fs/WindowsException'{0x00000000c2ef8950}> (0x00000000c2ef8950) 
thrown [t:/workspace/open/src/hotspot/share/prims/jni.cpp, line 598]
Event: 4.067 Thread 0x0000022df8900800 Exception <a 'sun/nio/fs/WindowsException'{0x00000000c2ef8c48}> (0x00000000c2ef8c48) 
thrown [t:/workspace/open/src/hotspot/share/prims/jni.cpp, line 598]
Event: 4.067 Thread 0x0000022df8900800 Exception <a 'sun/nio/fs/WindowsException'{0x00000000c2ef9d18}> (0x00000000c2ef9d18) 
thrown [t:/workspace/open/src/hotspot/share/prims/jni.cpp, line 598]
Event: 4.067 Thread 0x0000022df8900800 Exception <a 'sun/nio/fs/WindowsException'{0x00000000c2efa058}> (0x00000000c2efa058) 
thrown [t:/workspace/open/src/hotspot/share/prims/jni.cpp, line 598]
Event: 4.068 Thread 0x0000022df8900800 Exception <a 'java/lang/NoSuchMethodError'{0x00000000c2eff060}: 'java.lang.Object java.lang.invoke.DirectMethodHandle$Holder.invokeStatic(java.lang.Object, java.lang.Object, int, int)'> (0x00000000c2eff060) 
thrown [t:/workspace/open/src/hotspot/share/interpreter/linkResolver.cpp, line 767]
Event: 4.069 Thread 0x0000022df8900800 Exception <a 'java/lang/NoSuchMethodError'{0x00000000c2d063a8}: 'java.lang.Object java.lang.invoke.DirectMethodHandle$Holder.invokeVirtual(java.lang.Object, java.lang.Object, int)'> (0x00000000c2d063a8) 
thrown [t:/workspace/open/src/hotspot/share/interpreter/linkResolver.cpp, line 767]
Event: 4.073 Thread 0x0000022df8900800 Exception <a 'sun/nio/fs/WindowsException'{0x00000000c2dc0d40}> (0x00000000c2dc0d40) 
thrown [t:/workspace/open/src/hotspot/share/prims/jni.cpp, line 598]
Event: 4.073 Thread 0x0000022df8900800 Exception <a 'sun/nio/fs/WindowsException'{0x00000000c2dc10b8}> (0x00000000c2dc10b8) 
thrown [t:/workspace/open/src/hotspot/share/prims/jni.cpp, line 598]
Event: 4.073 Thread 0x0000022df8900800 Exception <a 'sun/nio/fs/WindowsException'{0x00000000c2dc2530}> (0x00000000c2dc2530) 
thrown [t:/workspace/open/src/hotspot/share/prims/jni.cpp, line 598]
Event: 4.073 Thread 0x0000022df8900800 Exception <a 'sun/nio/fs/WindowsException'{0x00000000c2dc2858}> (0x00000000c2dc2858) 
thrown [t:/workspace/open/src/hotspot/share/prims/jni.cpp, line 598]
Event: 4.073 Thread 0x0000022df8900800 Exception <a 'sun/nio/fs/WindowsException'{0x00000000c2dc3ef0}> (0x00000000c2dc3ef0) 
thrown [t:/workspace/open/src/hotspot/share/prims/jni.cpp, line 598]
Event: 4.074 Thread 0x0000022df8900800 Exception <a 'sun/nio/fs/WindowsException'{0x00000000c2dc4260}> (0x00000000c2dc4260) 
thrown [t:/workspace/open/src/hotspot/share/prims/jni.cpp, line 598]
Event: 4.074 Thread 0x0000022df8900800 Exception <a 'java/lang/NoSuchMethodError'{0x00000000c2dcbef0}: 'java.lang.Object java.lang.invoke.DirectMethodHandle$Holder.invokeVirtual(java.lang.Object, java.lang.Object, java.lang.Object, int, int)'> (0x00000000c2dcbef0) 
thrown [t:/workspace/open/src/hotspot/share/interpreter/linkResolver.cpp, line 767]

Events (20 events):
Event: 4.069 loading class com/sun/tools/javac/util/Name done
Event: 4.074 loading class com/sun/tools/javac/code/Symbol
Event: 4.074 loading class com/sun/tools/javac/code/Symbol done
Event: 4.074 loading class com/sun/tools/javac/code/Symbol
Event: 4.074 loading class com/sun/tools/javac/code/Symbol done
Event: 4.074 loading class com/sun/tools/javac/code/Symbol
Event: 4.074 loading class com/sun/tools/javac/code/Symbol done
Event: 4.074 loading class com/sun/tools/javac/jvm/ClassReader
Event: 4.074 loading class com/sun/tools/javac/jvm/ClassReader done
Event: 4.074 loading class com/sun/tools/javac/code/Type
Event: 4.074 loading class com/sun/tools/javac/code/Type done
Event: 4.074 loading class com/sun/tools/javac/code/Type
Event: 4.074 loading class com/sun/tools/javac/code/Type done
Event: 4.074 loading class com/sun/tools/javac/jvm/ClassReader
Event: 4.074 loading class com/sun/tools/javac/jvm/ClassReader done
Event: 4.074 loading class com/sun/tools/javac/code/Type
Event: 4.074 loading class com/sun/tools/javac/code/Type done
Event: 4.075 loading class com/sun/tools/javac/code/Type
Event: 4.075 loading class com/sun/tools/javac/code/Type done
Event: 4.083 Executing VM operation: G1CollectForAllocation


Dynamic libraries:
0x00007ff7cc180000 - 0x00007ff7cc18f000 	C:\Program Files\Java\jdk-13.0.1\bin\java.exe
0x00007ffbb7040000 - 0x00007ffbb7230000 	C:\WINDOWS\SYSTEM32\ntdll.dll
0x00007ffbb5c70000 - 0x00007ffbb5d22000 	C:\WINDOWS\System32\KERNEL32.DLL
0x00007ffbb4090000 - 0x00007ffbb4335000 	C:\WINDOWS\System32\KERNELBASE.dll
0x00007ffbb4ed0000 - 0x00007ffbb4fca000 	C:\WINDOWS\System32\ucrtbase.dll
0x00007ffba7c30000 - 0x00007ffba7c48000 	C:\Program Files\Java\jdk-13.0.1\bin\jli.dll
0x00007ffbadd30000 - 0x00007ffbadd45000 	C:\Program Files\Java\jdk-13.0.1\bin\VCRUNTIME140.dll
0x00007ffbb5da0000 - 0x00007ffbb5e43000 	C:\WINDOWS\System32\ADVAPI32.dll
0x00007ffbb5e50000 - 0x00007ffbb5eee000 	C:\WINDOWS\System32\msvcrt.dll
0x00007ffbb6280000 - 0x00007ffbb6317000 	C:\WINDOWS\System32\sechost.dll
0x00007ffbb5ae0000 - 0x00007ffbb5bff000 	C:\WINDOWS\System32\RPCRT4.dll
0x00007ffbb5120000 - 0x00007ffbb52b4000 	C:\WINDOWS\System32\USER32.dll
0x00007ffbb4060000 - 0x00007ffbb4081000 	C:\WINDOWS\System32\win32u.dll
0x00007ffbb5f20000 - 0x00007ffbb5f46000 	C:\WINDOWS\System32\GDI32.dll
0x00007ffb9f970000 - 0x00007ffb9fbf4000 	C:\WINDOWS\WinSxS\amd64_microsoft.windows.common-controls_6595b64144ccf1df_6.0.18362.1379_none_9e7ff3b3e45cc0c4\COMCTL32.dll
0x00007ffbb4340000 - 0x00007ffbb44d8000 	C:\WINDOWS\System32\gdi32full.dll
0x00007ffbb6960000 - 0x00007ffbb6c97000 	C:\WINDOWS\System32\combase.dll
0x00007ffbb3fc0000 - 0x00007ffbb405e000 	C:\WINDOWS\System32\msvcp_win.dll
0x00007ffbb4fd0000 - 0x00007ffbb5051000 	C:\WINDOWS\System32\bcryptPrimitives.dll
0x00007ffbae8a0000 - 0x00007ffbae8aa000 	C:\WINDOWS\SYSTEM32\VERSION.dll
0x00007ffbb50f0000 - 0x00007ffbb511e000 	C:\WINDOWS\System32\IMM32.DLL
0x00007ffb9ed10000 - 0x00007ffb9edab000 	C:\Program Files\Java\jdk-13.0.1\bin\msvcp140.dll
0x00007ffb541b0000 - 0x00007ffb54d16000 	C:\Program Files\Java\jdk-13.0.1\bin\server\jvm.dll
0x00007ffbb5f50000 - 0x00007ffbb5f58000 	C:\WINDOWS\System32\PSAPI.DLL
0x00007ffbae210000 - 0x00007ffbae219000 	C:\WINDOWS\SYSTEM32\WSOCK32.dll
0x00007ffbaa310000 - 0x00007ffbaa334000 	C:\WINDOWS\SYSTEM32\WINMM.dll
0x00007ffbb5c00000 - 0x00007ffbb5c6f000 	C:\WINDOWS\System32\WS2_32.dll
0x00007ffbaa2c0000 - 0x00007ffbaa2ed000 	C:\WINDOWS\SYSTEM32\winmmbase.dll
0x00007ffbb4630000 - 0x00007ffbb467a000 	C:\WINDOWS\System32\cfgmgr32.dll
0x00007ffbb3fa0000 - 0x00007ffbb3fb1000 	C:\WINDOWS\System32\kernel.appcore.dll
0x00007ffbad570000 - 0x00007ffbad580000 	C:\Program Files\Java\jdk-13.0.1\bin\verify.dll
0x00007ffbb1c70000 - 0x00007ffbb1e64000 	C:\WINDOWS\SYSTEM32\DBGHELP.DLL
0x00007ffbad8f0000 - 0x00007ffbad91a000 	C:\WINDOWS\SYSTEM32\dbgcore.DLL
0x00007ffba76f0000 - 0x00007ffba7716000 	C:\Program Files\Java\jdk-13.0.1\bin\java.dll
0x00007ffba7ea0000 - 0x00007ffba7eb7000 	C:\Program Files\Java\jdk-13.0.1\bin\zip.dll
0x00007ffbad510000 - 0x00007ffbad51a000 	C:\Program Files\Java\jdk-13.0.1\bin\jimage.dll
0x00007ffbb53f0000 - 0x00007ffbb5ad8000 	C:\WINDOWS\System32\SHELL32.dll
0x00007ffbb5340000 - 0x00007ffbb53e7000 	C:\WINDOWS\System32\shcore.dll
0x00007ffbb46a0000 - 0x00007ffbb4e1b000 	C:\WINDOWS\System32\windows.storage.dll
0x00007ffbb3f50000 - 0x00007ffbb3f73000 	C:\WINDOWS\System32\profapi.dll
0x00007ffbb3f00000 - 0x00007ffbb3f4a000 	C:\WINDOWS\System32\powrprof.dll
0x00007ffbb3ef0000 - 0x00007ffbb3f00000 	C:\WINDOWS\System32\UMPDC.dll
0x00007ffbb6030000 - 0x00007ffbb6082000 	C:\WINDOWS\System32\shlwapi.dll
0x00007ffbb4680000 - 0x00007ffbb4697000 	C:\WINDOWS\System32\cryptsp.dll
0x00007ffba7e70000 - 0x00007ffba7e89000 	C:\Program Files\Java\jdk-13.0.1\bin\net.dll
0x00007ffbac010000 - 0x00007ffbac100000 	C:\WINDOWS\SYSTEM32\WINHTTP.dll
0x00007ffbb36d0000 - 0x00007ffbb3737000 	C:\WINDOWS\system32\mswsock.dll
0x00007ffba7be0000 - 0x00007ffba7bf3000 	C:\Program Files\Java\jdk-13.0.1\bin\nio.dll

dbghelp: loaded successfully - version: 4.0.5 - missing functions: none
symbol engine: initialized successfully - sym options: 0x614 - pdb path: .;C:\Program Files\Java\jdk-13.0.1\bin;C:\WINDOWS\SYSTEM32;C:\WINDOWS\WinSxS\amd64_microsoft.windows.common-controls_6595b64144ccf1df_6.0.18362.1379_none_9e7ff3b3e45cc0c4;C:\Program Files\Java\jdk-13.0.1\bin\server

VM Arguments:
jvm_args: -Dclassworlds.conf=C:\Program Files\NetBeans-11.2\netbeans\java\maven\bin\m2.conf -Dmaven.home=C:\Program Files\NetBeans-11.2\netbeans\java\maven -Dmaven.multiModuleProjectDirectory=C:\Users\kira\OneDrive\Dokumenty\NetBeansProjects\ChessGame_2021 
java_command: org.codehaus.plexus.classworlds.launcher.Launcher -Dmaven.ext.class.path=C:\Program Files\NetBeans-11.2\netbeans\java\maven-nblib\netbeans-eventspy.jar -Dfile.encoding=UTF-8 install
java_class_path (initial): C:\Program Files\NetBeans-11.2\netbeans\java\maven\boot\plexus-classworlds-2.5.2.jar
Launcher Type: SUN_STANDARD

[Global flags]
     intx CICompilerCount                          = 4                                         {product} {ergonomic}
     uint ConcGCThreads                            = 2                                         {product} {ergonomic}
     uint G1ConcRefinementThreads                  = 8                                         {product} {ergonomic}
   size_t G1HeapRegionSize                         = 1048576                                   {product} {ergonomic}
    uintx GCDrainStackTargetSize                   = 64                                        {product} {ergonomic}
   size_t InitialHeapSize                          = 67108864                                  {product} {ergonomic}
   size_t MarkStackSize                            = 4194304                                   {product} {ergonomic}
   size_t MaxHeapSize                              = 1044381696                                {product} {ergonomic}
   size_t MaxNewSize                               = 625999872                                 {product} {ergonomic}
   size_t MinHeapDeltaBytes                        = 1048576                                   {product} {ergonomic}
   size_t MinHeapSize                              = 8388608                                   {product} {ergonomic}
    uintx NonNMethodCodeHeapSize                   = 5836300                                {pd product} {ergonomic}
    uintx NonProfiledCodeHeapSize                  = 122910970                              {pd product} {ergonomic}
    uintx ProfiledCodeHeapSize                     = 122910970                              {pd product} {ergonomic}
    uintx ReservedCodeCacheSize                    = 251658240                              {pd product} {ergonomic}
     bool SegmentedCodeCache                       = true                                      {product} {ergonomic}
   size_t SoftMaxHeapSize                          = 1044381696                             {manageable} {ergonomic}
     bool UseCompressedClassPointers               = true                                 {lp64_product} {ergonomic}
     bool UseCompressedOops                        = true                                 {lp64_product} {ergonomic}
     bool UseG1GC                                  = true                                      {product} {ergonomic}
     bool UseLargePagesIndividualAllocation        = false                                  {pd product} {ergonomic}

Logging:
Log output configuration:
 #0: stdout all=warning uptime,level,tags
 #1: stderr all=off uptime,level,tags

Environment Variables:
JAVA_HOME=C:\Program Files\Java\jdk-13.0.1
PATH=C:\Program Files (x86)\Intel\iCLS Client\;C:\Program Files\Intel\iCLS Client\;C:\WINDOWS\system32;C:\WINDOWS;C:\WINDOWS\System32\Wbem;C:\WINDOWS\System32\WindowsPowerShell\v1.0\;C:\WINDOWS\System32\OpenSSH\;C:\Program Files (x86)\Intel\Intel(R) Management Engine Components\DAL;C:\Program Files\Intel\Intel(R) Management Engine Components\DAL;C:\Program Files (x86)\Intel\Intel(R) Management Engine Components\IPT;C:\Program Files\Intel\Intel(R) Management Engine Components\IPT;C:\Program Files\Intel\WiFi\bin\;C:\Program Files\Common Files\Intel\WirelessCommon\;C:\Program Files\GCC\bin;C:\Program Files\Java\jdk-13.0.1\bin;C:\Program Files\Git\cmd;C:\Program Files\OpenVPN\bin;C:\Program Files\CMake\bin;C:\Users\kira\AppData\Local\Programs\Python\Python37\Scripts\;C:\Users\kira\AppData\Local\Programs\Python\Python37\;C:\Users\kira\AppData\Local\Microsoft\WindowsApps;C:\Program Files\JetBrains\PyCharm 2019.2.3\bin;;C:\Program Files\JetBrains\PhpStorm 2019.3.1\bin;;C:\Program Files\JetBrains\IntelliJ IDEA Community Edition 2019.3.3\bin;;C:\Program Files\apache-maven-3.6.3\bin;C:\Program Files (x86)\Dr. Memory\bin\;C:\Program Files (x86)\Dr. Memory\bin64;
USERNAME=kira
OS=Windows_NT
PROCESSOR_IDENTIFIER=Intel64 Family 6 Model 142 Stepping 10, GenuineIntel



---------------  S Y S T E M  ---------------

OS: Windows 10 , 64 bit Build 18362 (10.0.18362.1350)

CPU:total 8 (initial active 8) (4 cores per cpu, 2 threads per core) family 6 model 142 stepping 10, cmov, cx8, fxsr, mmx, sse, sse2, sse3, ssse3, sse4.1, sse4.2, popcnt, avx, avx2, aes, clmul, erms, 3dnowpref, lzcnt, ht, tsc, tscinvbit, bmi1, bmi2, adx, fma

Memory: 4k page, system-wide physical 3978M (261M free)
TotalPageFile size 16266M (AvailPageFile size 10M)
current process WorkingSet (physical memory assigned to process): 139M, peak: 139M
current process commit charge ("private bytes"): 180M, peak: 189M

vm_info: Java HotSpot(TM) 64-Bit Server VM (13.0.1+9) for windows-amd64 JRE (13.0.1+9), built on Oct  6 2019 12:37:49 by "mach5one" with unknown MS VC++:1916

END.
